#
# There is insufficient memory for the Java Runtime Environment to continue.
# Native memory allocation (mmap) failed to map 306184192 bytes for G1 virtual space
# Possible reasons:
#   The system is out of physical RAM or swap space
#   The process is running with CompressedOops enabled, and the Java Heap may be blocking the growth of the native heap
# Possible solutions:
#   Reduce memory load on the system
#   Increase physical memory or swap space
#   Check if swap backing store is full
#   Decrease Java heap size (-Xmx/-Xms)
#   Decrease number of Java threads
#   Decrease Java thread stack sizes (-Xss)
#   Set larger code cache with -XX:ReservedCodeCacheSize=
#   JVM is running with Zero Based Compressed Oops mode in which the Java heap is
#     placed in the first 32GB address space. The Java Heap base address is the
#     maximum limit for the native heap growth. Please use -XX:HeapBaseMinAddress
#     to set the Java Heap base and to place the Java Heap above 32GB virtual address.
# This output file may be truncated or incomplete.
#
#  Out of Memory Error (os_windows.cpp:3530), pid=39716, tid=47864
#
# JRE version: Java(TM) SE Runtime Environment (18.0.1.1+2) (build 18.0.1.1+2-6)
# Java VM: Java HotSpot(TM) 64-Bit Server VM (18.0.1.1+2-6, mixed mode, sharing, tiered, compressed oops, compressed class ptrs, g1 gc, windows-amd64)
# No core dump will be written. Minidumps are not enabled by default on client versions of Windows
#

---------------  S U M M A R Y ------------

Command Line: -Dfile.encoding=UTF-8 --module-path=C:\Program Files\Java\javafx-sdk-18.0.1\lib --add-modules=javafx.controls,javafx.fxml --module-path=D:\One\Desktop\PC\PONGSPIEL\build\classes;C:\Users\mouaz\Downloads\javafx-sdk-18.0.1\lib\javafx-swt.jar;C:\Users\mouaz\Downloads\javafx-sdk-18.0.1\lib\javafx.base.jar;C:\Users\mouaz\Downloads\javafx-sdk-18.0.1\lib\javafx.controls.jar;C:\Users\mouaz\Downloads\javafx-sdk-18.0.1\lib\javafx.fxml.jar;C:\Users\mouaz\Downloads\javafx-sdk-18.0.1\lib\javafx.graphics.jar;C:\Users\mouaz\Downloads\javafx-sdk-18.0.1\lib\javafx.media.jar;C:\Users\mouaz\Downloads\javafx-sdk-18.0.1\lib\javafx.swing.jar;C:\Users\mouaz\Downloads\javafx-sdk-18.0.1\lib\javafx.web.jar Main.Main

Host: Intel(R) Core(TM) i7-9750H CPU @ 2.60GHz, 12 cores, 31G,  Windows 11 , 64 bit Build 22621 (10.0.22621.1)
Time: Tue Jun 28 20:00:01 2022 Mitteleuropäische Sommerzeit elapsed time: 139534.596473 seconds (1d 14h 45m 34s)

---------------  T H R E A D  ---------------

Current thread (0x0000027b7768a020):  VMThread "VM Thread" [stack: 0x0000008fef500000,0x0000008fef600000] [id=47864]

Stack: [0x0000008fef500000,0x0000008fef600000]
Native frames: (J=compiled Java code, j=interpreted, Vv=VM code, C=native code)
V  [jvm.dll+0x69887a]
V  [jvm.dll+0x7f38bd]
V  [jvm.dll+0x7f51ce]
V  [jvm.dll+0x7f5883]
V  [jvm.dll+0x25ca3f]
V  [jvm.dll+0x6957c9]
V  [jvm.dll+0x68a2fa]
V  [jvm.dll+0x321efb]
V  [jvm.dll+0x3298d6]
V  [jvm.dll+0x37e47e]
V  [jvm.dll+0x37e6af]
V  [jvm.dll+0x2f9c7a]
V  [jvm.dll+0x2fca76]
V  [jvm.dll+0x306ee5]
V  [jvm.dll+0x33bff0]
V  [jvm.dll+0x7fa66b]
V  [jvm.dll+0x7fb404]
V  [jvm.dll+0x7fb93c]
V  [jvm.dll+0x7fbd94]
V  [jvm.dll+0x7fbe57]
V  [jvm.dll+0x7a03ea]
V  [jvm.dll+0x697725]
C  [ucrtbase.dll+0x29363]
C  [KERNEL32.DLL+0x1244d]
C  [ntdll.dll+0x5df88]

VM_Operation (0x0000008fef1ff3e0): G1Concurrent, mode: safepoint, requested by thread 0x0000027b774e8040


---------------  P R O C E S S  ---------------

Threads class SMR info:
_java_thread_list=0x0000027b06226fb0, length=17, elements={
0x0000027b7768c880, 0x0000027b7768d220, 0x0000027b776a6d70, 0x0000027b776a7710,
0x0000027b776a80b0, 0x0000027b776a8a50, 0x0000027b776a9720, 0x0000027b776adc10,
0x0000027b776b7610, 0x0000027b77676270, 0x0000027b7e66b6f0, 0x0000027b7ebe3360,
0x0000027b7ef9e0b0, 0x0000027b7efa0c00, 0x0000027b7ef9f8c0, 0x0000027b7ef9dbe0,
0x0000027b7ef9d710
}

Java Threads: ( => current thread )
  0x0000027b7768c880 JavaThread "Reference Handler" daemon [_thread_blocked, id=39380, stack(0x0000008fef600000,0x0000008fef700000)]
  0x0000027b7768d220 JavaThread "Finalizer" daemon [_thread_blocked, id=49044, stack(0x0000008fef700000,0x0000008fef800000)]
  0x0000027b776a6d70 JavaThread "Signal Dispatcher" daemon [_thread_blocked, id=18320, stack(0x0000008fef800000,0x0000008fef900000)]
  0x0000027b776a7710 JavaThread "Attach Listener" daemon [_thread_blocked, id=10428, stack(0x0000008fef900000,0x0000008fefa00000)]
  0x0000027b776a80b0 JavaThread "Service Thread" daemon [_thread_blocked, id=39316, stack(0x0000008fefa00000,0x0000008fefb00000)]
  0x0000027b776a8a50 JavaThread "Monitor Deflation Thread" daemon [_thread_blocked, id=31096, stack(0x0000008fefb00000,0x0000008fefc00000)]
  0x0000027b776a9720 JavaThread "C2 CompilerThread0" daemon [_thread_blocked, id=20412, stack(0x0000008fefc00000,0x0000008fefd00000)]
  0x0000027b776adc10 JavaThread "C1 CompilerThread0" daemon [_thread_blocked, id=46272, stack(0x0000008fefd00000,0x0000008fefe00000)]
  0x0000027b776b7610 JavaThread "Sweeper thread" daemon [_thread_blocked, id=2544, stack(0x0000008fefe00000,0x0000008feff00000)]
  0x0000027b77676270 JavaThread "Common-Cleaner" daemon [_thread_blocked, id=35004, stack(0x0000008feff00000,0x0000008ff0000000)]
  0x0000027b7e66b6f0 JavaThread "Notification Thread" daemon [_thread_blocked, id=42860, stack(0x0000008ff0200000,0x0000008ff0300000)]
  0x0000027b7ebe3360 JavaThread "InvokeLaterDispatcher" daemon [_thread_blocked, id=47172, stack(0x0000008ff0600000,0x0000008ff0700000)]
  0x0000027b7ef9e0b0 JavaThread "Thread-2" daemon [_thread_in_native, id=34568, stack(0x0000008ff0000000,0x0000008ff0100000)]
  0x0000027b7efa0c00 JavaThread "Prism Font Disposer" daemon [_thread_blocked, id=38484, stack(0x0000008ff1200000,0x0000008ff1300000)]
  0x0000027b7ef9f8c0 JavaThread "Cleaner-0" daemon [_thread_blocked, id=1644, stack(0x0000008ff1300000,0x0000008ff1400000)]
  0x0000027b7ef9dbe0 JavaThread "Thread-3" [_thread_blocked, id=33136, stack(0x0000008ff1900000,0x0000008ff1a00000)]
  0x0000027b7ef9d710 JavaThread "DestroyJavaVM" [_thread_blocked, id=27628, stack(0x0000008feef00000,0x0000008fef000000)]

Other Threads:
=>0x0000027b7768a020 VMThread "VM Thread" [stack: 0x0000008fef500000,0x0000008fef600000] [id=47864]
  0x0000027b7e6440f0 WatcherThread "VM Periodic Task Thread" [stack: 0x0000008ff0300000,0x0000008ff0400000] [id=37376]
  0x0000027b4d7b3170 WorkerThread "GC Thread#0" [stack: 0x0000008fef000000,0x0000008fef100000] [id=34936]
  0x0000027b0608dea0 WorkerThread "GC Thread#1" [stack: 0x0000008ff0900000,0x0000008ff0a00000] [id=39212]
  0x0000027b060bdae0 WorkerThread "GC Thread#2" [stack: 0x0000008ff0a00000,0x0000008ff0b00000] [id=29048]
  0x0000027b060ae460 WorkerThread "GC Thread#3" [stack: 0x0000008ff0b00000,0x0000008ff0c00000] [id=17972]
  0x0000027b060ae700 WorkerThread "GC Thread#4" [stack: 0x0000008ff0c00000,0x0000008ff0d00000] [id=47960]
  0x0000027b060ae9a0 WorkerThread "GC Thread#5" [stack: 0x0000008ff0d00000,0x0000008ff0e00000] [id=46872]
  0x0000027b060aec40 WorkerThread "GC Thread#6" [stack: 0x0000008ff0e00000,0x0000008ff0f00000] [id=11944]
  0x0000027b060af2f0 WorkerThread "GC Thread#7" [stack: 0x0000008ff0f00000,0x0000008ff1000000] [id=26128]
  0x0000027b060af590 WorkerThread "GC Thread#8" [stack: 0x0000008ff1000000,0x0000008ff1100000] [id=38988]
  0x0000027b060a4ec0 WorkerThread "GC Thread#9" [stack: 0x0000008ff1100000,0x0000008ff1200000] [id=9256]
  0x0000027b774e8040 ConcurrentGCThread "G1 Main Marker" [stack: 0x0000008fef100000,0x0000008fef200000] [id=44848]
  0x0000027b774e8a30 WorkerThread "G1 Conc#0" [stack: 0x0000008fef200000,0x0000008fef300000] [id=36232]
  0x0000027b062e8a40 WorkerThread "G1 Conc#1" [stack: 0x0000008ff1600000,0x0000008ff1700000] [id=50288]
  0x0000027b062e8f80 WorkerThread "G1 Conc#2" [stack: 0x0000008ff1700000,0x0000008ff1800000] [id=57412]
  0x0000027b7753f450 ConcurrentGCThread "G1 Refine#0" [stack: 0x0000008fef300000,0x0000008fef400000] [id=35108]
  0x0000027b7ef00ad0 ConcurrentGCThread "G1 Refine#1" [stack: 0x0000008feec00000,0x0000008feed00000] [id=40484]
  0x0000027b7ef02420 ConcurrentGCThread "G1 Refine#2" [stack: 0x0000008feed00000,0x0000008feee00000] [id=37288]
  0x0000027b7ef02150 ConcurrentGCThread "G1 Refine#3" [stack: 0x0000008feee00000,0x0000008feef00000] [id=28772]
  0x0000027b7ef03230 ConcurrentGCThread "G1 Refine#4" [stack: 0x0000008ff0400000,0x0000008ff0500000] [id=40272]
  0x0000027b7ef03aa0 ConcurrentGCThread "G1 Refine#5" [stack: 0x0000008ff0500000,0x0000008ff0600000] [id=26896]
  0x0000027b7ef01bb0 ConcurrentGCThread "G1 Refine#6" [stack: 0x0000008ff0100000,0x0000008ff0200000] [id=17452]
  0x0000027b7ef01610 ConcurrentGCThread "G1 Refine#7" [stack: 0x0000008ff0700000,0x0000008ff0800000] [id=6708]
  0x0000027b7ef00da0 ConcurrentGCThread "G1 Refine#8" [stack: 0x0000008ff1400000,0x0000008ff1500000] [id=3080]
  0x0000027b7eefff90 ConcurrentGCThread "G1 Refine#9" [stack: 0x0000008ff1500000,0x0000008ff1600000] [id=41864]
  0x0000027b77540c10 ConcurrentGCThread "G1 Service" [stack: 0x0000008fef400000,0x0000008fef500000] [id=27952]

Threads with active compile tasks:

VM state: at safepoint (normal execution)

VM Mutex/Monitor currently owned by a thread:  ([mutex/lock_event])
[0x0000027b4d6fd940] Threads_lock - owner thread: 0x0000027b7768a020
[0x0000027b4d6ff290] Heap_lock - owner thread: 0x0000027b774e8040

Heap address: 0x0000000601400000, size: 8172 MB, Compressed Oops mode: Zero based, Oop shift amount: 3

CDS archive(s) mapped at: [0x0000000800000000-0x0000000800ba0000-0x0000000800ba0000), size 12189696, SharedBaseAddress: 0x0000000800000000, ArchiveRelocationMode: 0.
Compressed class space mapped at: 0x0000000800c00000-0x0000000840c00000, reserved size: 1073741824
Narrow klass base: 0x0000000800000000, Narrow klass shift: 0, Narrow klass range: 0x100000000

GC Precious Log:
 CardTable entry size: 512
 Card Set container configuration: InlinePtr #cards 4 size 8 Array Of Cards #cards 32 size 80 Howl #buckets 8 coarsen threshold 7372 Howl Bitmap #cards 1024 size 144 coarsen threshold 921 Card regions per heap region 1 cards per card region 8192
 CPUs: 12 total, 12 available
 Memory: 32678M
 Large Page Support: Disabled
 NUMA Support: Disabled
 Compressed Oops: Enabled (Zero based)
 Heap Region Size: 4M
 Heap Min Capacity: 8M
 Heap Initial Capacity: 512M
 Heap Max Capacity: 8172M
 Pre-touch: Disabled
 Parallel Workers: 10
 Concurrent Workers: 3
 Concurrent Refinement Workers: 10
 Periodic GC: Disabled

Heap:
 garbage-first heap   total 794624K, used 648257K [0x0000000601400000, 0x0000000800000000)
  region size 4096K, 3 young (12288K), 2 survivors (8192K)
 Metaspace       used 14746K, committed 15104K, reserved 1114112K
  class space    used 2086K, committed 2240K, reserved 1048576K

Heap Regions: E=young(eden), S=young(survivor), O=old, HS=humongous(starts), HC=humongous(continues), CS=collection set, F=free, OA=open archive, CA=closed archive, TAMS=top-at-mark-start (previous, next)
|   0|0x0000000601400000, 0x0000000601800000, 0x0000000601800000|100%| O|  |TAMS 0x0000000601800000, 0x0000000601400000| Untracked 
|   1|0x0000000601800000, 0x0000000601c00000, 0x0000000601c00000|100%| O|  |TAMS 0x0000000601c00000, 0x0000000601800000| Untracked 
|   2|0x0000000601c00000, 0x0000000602000000, 0x0000000602000000|100%| O|  |TAMS 0x0000000602000000, 0x0000000601c00000| Untracked 
|   3|0x0000000602000000, 0x0000000602400000, 0x0000000602400000|100%| O|  |TAMS 0x0000000602400000, 0x0000000602000000| Untracked 
|   4|0x0000000602400000, 0x0000000602800000, 0x0000000602800000|100%| O|  |TAMS 0x0000000602800000, 0x0000000602400000| Untracked 
|   5|0x0000000602800000, 0x0000000602c00000, 0x0000000602c00000|100%| O|  |TAMS 0x0000000602c00000, 0x0000000602800000| Untracked 
|   6|0x0000000602c00000, 0x0000000603000000, 0x0000000603000000|100%| O|  |TAMS 0x0000000603000000, 0x0000000602c00000| Untracked 
|   7|0x0000000603000000, 0x0000000603400000, 0x0000000603400000|100%| O|  |TAMS 0x0000000603400000, 0x0000000603000000| Untracked 
|   8|0x0000000603400000, 0x0000000603800000, 0x0000000603800000|100%| O|  |TAMS 0x0000000603800000, 0x0000000603400000| Untracked 
|   9|0x0000000603800000, 0x0000000603c00000, 0x0000000603c00000|100%| O|  |TAMS 0x0000000603c00000, 0x0000000603800000| Untracked 
|  10|0x0000000603c00000, 0x0000000604000000, 0x0000000604000000|100%| O|  |TAMS 0x0000000604000000, 0x0000000603c00000| Updating 
|  11|0x0000000604000000, 0x0000000604400000, 0x0000000604400000|100%| O|  |TAMS 0x0000000604400000, 0x0000000604000000| Untracked 
|  12|0x0000000604400000, 0x0000000604800000, 0x0000000604800000|100%| O|  |TAMS 0x0000000604800000, 0x0000000604400000| Untracked 
|  13|0x0000000604800000, 0x0000000604c00000, 0x0000000604c00000|100%| O|  |TAMS 0x0000000604c00000, 0x0000000604800000| Untracked 
|  14|0x0000000604c00000, 0x0000000605000000, 0x0000000605000000|100%| O|  |TAMS 0x0000000605000000, 0x0000000604c00000| Updating 
|  15|0x0000000605000000, 0x0000000605400000, 0x0000000605400000|100%| O|  |TAMS 0x0000000605400000, 0x0000000605000000| Untracked 
|  16|0x0000000605400000, 0x0000000605800000, 0x0000000605800000|100%| O|  |TAMS 0x0000000605800000, 0x0000000605400000| Untracked 
|  17|0x0000000605800000, 0x0000000605c00000, 0x0000000605c00000|100%| O|  |TAMS 0x0000000605c00000, 0x0000000605800000| Untracked 
|  18|0x0000000605c00000, 0x0000000606000000, 0x0000000606000000|100%| O|  |TAMS 0x0000000606000000, 0x0000000605c00000| Untracked 
|  19|0x0000000606000000, 0x0000000606400000, 0x0000000606400000|100%| O|  |TAMS 0x0000000606400000, 0x0000000606000000| Untracked 
|  20|0x0000000606400000, 0x0000000606800000, 0x0000000606800000|100%| O|  |TAMS 0x0000000606800000, 0x0000000606400000| Untracked 
|  21|0x0000000606800000, 0x0000000606c00000, 0x0000000606c00000|100%| O|  |TAMS 0x0000000606c00000, 0x0000000606800000| Updating 
|  22|0x0000000606c00000, 0x0000000607000000, 0x0000000607000000|100%| O|  |TAMS 0x0000000607000000, 0x0000000606c00000| Updating 
|  23|0x0000000607000000, 0x0000000607400000, 0x0000000607400000|100%| O|  |TAMS 0x0000000607400000, 0x0000000607000000| Untracked 
|  24|0x0000000607400000, 0x0000000607800000, 0x0000000607800000|100%| O|  |TAMS 0x0000000607800000, 0x0000000607400000| Untracked 
|  25|0x0000000607800000, 0x0000000607c00000, 0x0000000607c00000|100%| O|  |TAMS 0x0000000607c00000, 0x0000000607800000| Untracked 
|  26|0x0000000607c00000, 0x0000000608000000, 0x0000000608000000|100%| O|  |TAMS 0x0000000608000000, 0x0000000607c00000| Untracked 
|  27|0x0000000608000000, 0x0000000608400000, 0x0000000608400000|100%| O|  |TAMS 0x0000000608400000, 0x0000000608000000| Untracked 
|  28|0x0000000608400000, 0x0000000608800000, 0x0000000608800000|100%| O|  |TAMS 0x0000000608800000, 0x0000000608400000| Untracked 
|  29|0x0000000608800000, 0x0000000608c00000, 0x0000000608c00000|100%| O|  |TAMS 0x0000000608c00000, 0x0000000608800000| Untracked 
|  30|0x0000000608c00000, 0x0000000609000000, 0x0000000609000000|100%| O|  |TAMS 0x0000000609000000, 0x0000000608c00000| Untracked 
|  31|0x0000000609000000, 0x0000000609400000, 0x0000000609400000|100%| O|  |TAMS 0x0000000609400000, 0x0000000609000000| Untracked 
|  32|0x0000000609400000, 0x0000000609800000, 0x0000000609800000|100%| O|  |TAMS 0x0000000609800000, 0x0000000609400000| Untracked 
|  33|0x0000000609800000, 0x0000000609c00000, 0x0000000609c00000|100%| O|  |TAMS 0x0000000609c00000, 0x0000000609800000| Untracked 
|  34|0x0000000609c00000, 0x000000060a000000, 0x000000060a000000|100%| O|  |TAMS 0x000000060a000000, 0x0000000609c00000| Untracked 
|  35|0x000000060a000000, 0x000000060a400000, 0x000000060a400000|100%| O|  |TAMS 0x000000060a400000, 0x000000060a000000| Untracked 
|  36|0x000000060a400000, 0x000000060a800000, 0x000000060a800000|100%| O|  |TAMS 0x000000060a800000, 0x000000060a400000| Untracked 
|  37|0x000000060a800000, 0x000000060ac00000, 0x000000060ac00000|100%| O|  |TAMS 0x000000060ac00000, 0x000000060a800000| Untracked 
|  38|0x000000060ac00000, 0x000000060b000000, 0x000000060b000000|100%| O|  |TAMS 0x000000060b000000, 0x000000060ac00000| Untracked 
|  39|0x000000060b000000, 0x000000060b400000, 0x000000060b400000|100%| O|  |TAMS 0x000000060b400000, 0x000000060b000000| Untracked 
|  40|0x000000060b400000, 0x000000060b800000, 0x000000060b800000|100%| O|  |TAMS 0x000000060b800000, 0x000000060b400000| Untracked 
|  41|0x000000060b800000, 0x000000060bc00000, 0x000000060bc00000|100%| O|  |TAMS 0x000000060bc00000, 0x000000060b800000| Untracked 
|  42|0x000000060bc00000, 0x000000060c000000, 0x000000060c000000|100%| O|  |TAMS 0x000000060c000000, 0x000000060bc00000| Untracked 
|  43|0x000000060c000000, 0x000000060c400000, 0x000000060c400000|100%| O|  |TAMS 0x000000060c400000, 0x000000060c000000| Untracked 
|  44|0x000000060c400000, 0x000000060c800000, 0x000000060c800000|100%| O|  |TAMS 0x000000060c800000, 0x000000060c400000| Untracked 
|  45|0x000000060c800000, 0x000000060cc00000, 0x000000060cc00000|100%| O|  |TAMS 0x000000060cc00000, 0x000000060c800000| Untracked 
|  46|0x000000060cc00000, 0x000000060d000000, 0x000000060d000000|100%| O|  |TAMS 0x000000060d000000, 0x000000060cc00000| Untracked 
|  47|0x000000060d000000, 0x000000060d400000, 0x000000060d400000|100%| O|  |TAMS 0x000000060d400000, 0x000000060d000000| Untracked 
|  48|0x000000060d400000, 0x000000060d800000, 0x000000060d800000|100%| O|  |TAMS 0x000000060d800000, 0x000000060d400000| Untracked 
|  49|0x000000060d800000, 0x000000060dc00000, 0x000000060dc00000|100%| O|  |TAMS 0x000000060dc00000, 0x000000060d800000| Untracked 
|  50|0x000000060dc00000, 0x000000060e000000, 0x000000060e000000|100%| O|  |TAMS 0x000000060e000000, 0x000000060dc00000| Untracked 
|  51|0x000000060e000000, 0x000000060e400000, 0x000000060e400000|100%| O|  |TAMS 0x000000060e400000, 0x000000060e000000| Untracked 
|  52|0x000000060e400000, 0x000000060e800000, 0x000000060e800000|100%| O|  |TAMS 0x000000060e800000, 0x000000060e400000| Untracked 
|  53|0x000000060e800000, 0x000000060ec00000, 0x000000060ec00000|100%| O|  |TAMS 0x000000060ec00000, 0x000000060e800000| Untracked 
|  54|0x000000060ec00000, 0x000000060f000000, 0x000000060f000000|100%| O|  |TAMS 0x000000060f000000, 0x000000060ec00000| Untracked 
|  55|0x000000060f000000, 0x000000060f400000, 0x000000060f400000|100%| O|  |TAMS 0x000000060f400000, 0x000000060f000000| Untracked 
|  56|0x000000060f400000, 0x000000060f800000, 0x000000060f800000|100%| O|  |TAMS 0x000000060f800000, 0x000000060f400000| Untracked 
|  57|0x000000060f800000, 0x000000060fc00000, 0x000000060fc00000|100%| O|  |TAMS 0x000000060fc00000, 0x000000060f800000| Untracked 
|  58|0x000000060fc00000, 0x0000000610000000, 0x0000000610000000|100%| O|  |TAMS 0x0000000610000000, 0x000000060fc00000| Untracked 
|  59|0x0000000610000000, 0x0000000610400000, 0x0000000610400000|100%| O|  |TAMS 0x0000000610400000, 0x0000000610000000| Updating 
|  60|0x0000000610400000, 0x0000000610800000, 0x0000000610800000|100%| O|  |TAMS 0x0000000610800000, 0x0000000610400000| Untracked 
|  61|0x0000000610800000, 0x0000000610c00000, 0x0000000610c00000|100%| O|  |TAMS 0x0000000610c00000, 0x0000000610800000| Untracked 
|  62|0x0000000610c00000, 0x0000000611000000, 0x0000000611000000|100%| O|  |TAMS 0x0000000611000000, 0x0000000610c00000| Untracked 
|  63|0x0000000611000000, 0x0000000611400000, 0x0000000611400000|100%| O|  |TAMS 0x0000000611400000, 0x0000000611000000| Untracked 
|  64|0x0000000611400000, 0x0000000611800000, 0x0000000611800000|100%| O|  |TAMS 0x0000000611800000, 0x0000000611400000| Untracked 
|  65|0x0000000611800000, 0x0000000611c00000, 0x0000000611c00000|100%| O|  |TAMS 0x0000000611c00000, 0x0000000611800000| Untracked 
|  66|0x0000000611c00000, 0x0000000612000000, 0x0000000612000000|100%| O|  |TAMS 0x0000000612000000, 0x0000000611c00000| Updating 
|  67|0x0000000612000000, 0x0000000612400000, 0x0000000612400000|100%| O|  |TAMS 0x0000000612400000, 0x0000000612000000| Untracked 
|  68|0x0000000612400000, 0x0000000612800000, 0x0000000612800000|100%| O|  |TAMS 0x0000000612800000, 0x0000000612400000| Untracked 
|  69|0x0000000612800000, 0x0000000612c00000, 0x0000000612c00000|100%| O|  |TAMS 0x0000000612c00000, 0x0000000612800000| Untracked 
|  70|0x0000000612c00000, 0x0000000613000000, 0x0000000613000000|100%| O|  |TAMS 0x0000000613000000, 0x0000000612c00000| Untracked 
|  71|0x0000000613000000, 0x0000000613400000, 0x0000000613400000|100%| O|  |TAMS 0x0000000613400000, 0x0000000613000000| Untracked 
|  72|0x0000000613400000, 0x0000000613800000, 0x0000000613800000|100%| O|  |TAMS 0x0000000613800000, 0x0000000613400000| Updating 
|  73|0x0000000613800000, 0x0000000613c00000, 0x0000000613c00000|100%| O|  |TAMS 0x0000000613c00000, 0x0000000613800000| Updating 
|  74|0x0000000613c00000, 0x0000000614000000, 0x0000000614000000|100%| O|  |TAMS 0x0000000614000000, 0x0000000613c00000| Untracked 
|  75|0x0000000614000000, 0x0000000614400000, 0x0000000614400000|100%| O|  |TAMS 0x0000000614400000, 0x0000000614000000| Updating 
|  76|0x0000000614400000, 0x0000000614800000, 0x0000000614800000|100%| O|  |TAMS 0x0000000614800000, 0x0000000614400000| Updating 
|  77|0x0000000614800000, 0x0000000614c00000, 0x0000000614c00000|100%| O|  |TAMS 0x0000000614c00000, 0x0000000614800000| Untracked 
|  78|0x0000000614c00000, 0x0000000615000000, 0x0000000615000000|100%| O|  |TAMS 0x0000000615000000, 0x0000000614c00000| Untracked 
|  79|0x0000000615000000, 0x0000000615400000, 0x0000000615400000|100%| O|  |TAMS 0x0000000615400000, 0x0000000615000000| Untracked 
|  80|0x0000000615400000, 0x0000000615800000, 0x0000000615800000|100%| O|  |TAMS 0x0000000615800000, 0x0000000615400000| Updating 
|  81|0x0000000615800000, 0x0000000615c00000, 0x0000000615c00000|100%| O|  |TAMS 0x0000000615c00000, 0x0000000615800000| Updating 
|  82|0x0000000615c00000, 0x0000000615c00000, 0x0000000616000000|  0%| F|  |TAMS 0x0000000615c00000, 0x0000000615c00000| Untracked 
|  83|0x0000000616000000, 0x0000000616000000, 0x0000000616400000|  0%| F|  |TAMS 0x0000000616000000, 0x0000000616000000| Untracked 
|  84|0x0000000616400000, 0x0000000616400000, 0x0000000616800000|  0%| F|  |TAMS 0x0000000616400000, 0x0000000616400000| Untracked 
|  85|0x0000000616800000, 0x0000000616800000, 0x0000000616c00000|  0%| F|  |TAMS 0x0000000616800000, 0x0000000616800000| Untracked 
|  86|0x0000000616c00000, 0x0000000616c00000, 0x0000000617000000|  0%| F|  |TAMS 0x0000000616c00000, 0x0000000616c00000| Untracked 
|  87|0x0000000617000000, 0x0000000617000000, 0x0000000617400000|  0%| F|  |TAMS 0x0000000617000000, 0x0000000617000000| Untracked 
|  88|0x0000000617400000, 0x0000000617400000, 0x0000000617800000|  0%| F|  |TAMS 0x0000000617400000, 0x0000000617400000| Untracked 
|  89|0x0000000617800000, 0x0000000617800000, 0x0000000617c00000|  0%| F|  |TAMS 0x0000000617800000, 0x0000000617800000| Untracked 
|  90|0x0000000617c00000, 0x0000000617c00000, 0x0000000618000000|  0%| F|  |TAMS 0x0000000617c00000, 0x0000000617c00000| Untracked 
|  91|0x0000000618000000, 0x0000000618400000, 0x0000000618400000|100%| O|  |TAMS 0x0000000618400000, 0x0000000618000000| Untracked 
|  92|0x0000000618400000, 0x0000000618800000, 0x0000000618800000|100%| O|  |TAMS 0x0000000618800000, 0x0000000618400000| Untracked 
|  93|0x0000000618800000, 0x0000000618c00000, 0x0000000618c00000|100%| O|  |TAMS 0x0000000618c00000, 0x0000000618800000| Untracked 
|  94|0x0000000618c00000, 0x0000000619000000, 0x0000000619000000|100%| O|  |TAMS 0x0000000619000000, 0x0000000618c00000| Untracked 
|  95|0x0000000619000000, 0x0000000619400000, 0x0000000619400000|100%| O|  |TAMS 0x0000000619400000, 0x0000000619000000| Untracked 
|  96|0x0000000619400000, 0x0000000619800000, 0x0000000619800000|100%| O|  |TAMS 0x0000000619800000, 0x0000000619400000| Untracked 
|  97|0x0000000619800000, 0x0000000619c00000, 0x0000000619c00000|100%| O|  |TAMS 0x0000000619c00000, 0x0000000619800000| Untracked 
|  98|0x0000000619c00000, 0x000000061a000000, 0x000000061a000000|100%| O|  |TAMS 0x000000061a000000, 0x0000000619c00000| Updating 
|  99|0x000000061a000000, 0x000000061a400000, 0x000000061a400000|100%| O|  |TAMS 0x000000061a400000, 0x000000061a000000| Untracked 
| 100|0x000000061a400000, 0x000000061a800000, 0x000000061a800000|100%| O|  |TAMS 0x000000061a800000, 0x000000061a400000| Untracked 
| 101|0x000000061a800000, 0x000000061ac00000, 0x000000061ac00000|100%| O|  |TAMS 0x000000061ac00000, 0x000000061a800000| Updating 
| 102|0x000000061ac00000, 0x000000061b000000, 0x000000061b000000|100%| O|  |TAMS 0x000000061b000000, 0x000000061ac00000| Untracked 
| 103|0x000000061b000000, 0x000000061b400000, 0x000000061b400000|100%| O|  |TAMS 0x000000061b400000, 0x000000061b000000| Untracked 
| 104|0x000000061b400000, 0x000000061b800000, 0x000000061b800000|100%| O|  |TAMS 0x000000061b800000, 0x000000061b400000| Untracked 
| 105|0x000000061b800000, 0x000000061bc00000, 0x000000061bc00000|100%| O|  |TAMS 0x000000061bc00000, 0x000000061b800000| Untracked 
| 106|0x000000061bc00000, 0x000000061c000000, 0x000000061c000000|100%| O|  |TAMS 0x000000061c000000, 0x000000061bc00000| Updating 
| 107|0x000000061c000000, 0x000000061c400000, 0x000000061c400000|100%| O|  |TAMS 0x000000061c400000, 0x000000061c000000| Untracked 
| 108|0x000000061c400000, 0x000000061c800000, 0x000000061c800000|100%| O|  |TAMS 0x000000061c800000, 0x000000061c400000| Untracked 
| 109|0x000000061c800000, 0x000000061cc00000, 0x000000061cc00000|100%| O|  |TAMS 0x000000061cc00000, 0x000000061c800000| Updating 
| 110|0x000000061cc00000, 0x000000061d000000, 0x000000061d000000|100%| O|  |TAMS 0x000000061d000000, 0x000000061cc00000| Updating 
| 111|0x000000061d000000, 0x000000061d400000, 0x000000061d400000|100%| O|  |TAMS 0x000000061d400000, 0x000000061d000000| Untracked 
| 112|0x000000061d400000, 0x000000061d800000, 0x000000061d800000|100%| O|  |TAMS 0x000000061d800000, 0x000000061d400000| Untracked 
| 113|0x000000061d800000, 0x000000061dc00000, 0x000000061dc00000|100%| O|  |TAMS 0x000000061dc00000, 0x000000061d800000| Untracked 
| 114|0x000000061dc00000, 0x000000061e000000, 0x000000061e000000|100%| O|  |TAMS 0x000000061e000000, 0x000000061dc00000| Untracked 
| 115|0x000000061e000000, 0x000000061e400000, 0x000000061e400000|100%| O|  |TAMS 0x000000061e400000, 0x000000061e000000| Updating 
| 116|0x000000061e400000, 0x000000061e800000, 0x000000061e800000|100%| O|  |TAMS 0x000000061e800000, 0x000000061e400000| Updating 
| 117|0x000000061e800000, 0x000000061ec00000, 0x000000061ec00000|100%| O|  |TAMS 0x000000061ec00000, 0x000000061e800000| Untracked 
| 118|0x000000061ec00000, 0x000000061f000000, 0x000000061f000000|100%| O|  |TAMS 0x000000061f000000, 0x000000061ec00000| Untracked 
| 119|0x000000061f000000, 0x000000061f400000, 0x000000061f400000|100%| O|  |TAMS 0x000000061f400000, 0x000000061f000000| Untracked 
| 120|0x000000061f400000, 0x000000061f800000, 0x000000061f800000|100%| O|  |TAMS 0x000000061f800000, 0x000000061f400000| Untracked 
| 121|0x000000061f800000, 0x000000061fc00000, 0x000000061fc00000|100%| O|  |TAMS 0x000000061fc00000, 0x000000061f800000| Updating 
| 122|0x000000061fc00000, 0x0000000620000000, 0x0000000620000000|100%|HS|  |TAMS 0x0000000620000000, 0x000000061fc00000| Complete 
| 123|0x0000000620000000, 0x0000000620400000, 0x0000000620400000|100%|HC|  |TAMS 0x0000000620400000, 0x0000000620000000| Complete 
| 124|0x0000000620400000, 0x0000000620800000, 0x0000000620800000|100%|HC|  |TAMS 0x0000000620800000, 0x0000000620400000| Complete 
| 125|0x0000000620800000, 0x0000000620c00000, 0x0000000620c00000|100%|HC|  |TAMS 0x0000000620c00000, 0x0000000620800000| Complete 
| 126|0x0000000620c00000, 0x0000000621000000, 0x0000000621000000|100%|HC|  |TAMS 0x0000000621000000, 0x0000000620c00000| Complete 
| 127|0x0000000621000000, 0x0000000621400000, 0x0000000621400000|100%|HC|  |TAMS 0x0000000621400000, 0x0000000621000000| Complete 
| 128|0x0000000621400000, 0x0000000621800000, 0x0000000621800000|100%|HC|  |TAMS 0x0000000621800000, 0x0000000621400000| Complete 
| 129|0x0000000621800000, 0x0000000621c00000, 0x0000000621c00000|100%|HC|  |TAMS 0x0000000621c00000, 0x0000000621800000| Complete 
| 130|0x0000000621c00000, 0x0000000622000000, 0x0000000622000000|100%|HC|  |TAMS 0x0000000622000000, 0x0000000621c00000| Complete 
| 131|0x0000000622000000, 0x0000000622400000, 0x0000000622400000|100%|HC|  |TAMS 0x0000000622400000, 0x0000000622000000| Complete 
| 132|0x0000000622400000, 0x0000000622800000, 0x0000000622800000|100%|HC|  |TAMS 0x0000000622800000, 0x0000000622400000| Complete 
| 133|0x0000000622800000, 0x0000000622c00000, 0x0000000622c00000|100%|HC|  |TAMS 0x0000000622c00000, 0x0000000622800000| Complete 
| 134|0x0000000622c00000, 0x0000000623000000, 0x0000000623000000|100%|HC|  |TAMS 0x0000000623000000, 0x0000000622c00000| Complete 
| 135|0x0000000623000000, 0x0000000623400000, 0x0000000623400000|100%|HC|  |TAMS 0x0000000623400000, 0x0000000623000000| Complete 
| 136|0x0000000623400000, 0x0000000623800000, 0x0000000623800000|100%| O|  |TAMS 0x0000000623800000, 0x0000000623400000| Untracked 
| 137|0x0000000623800000, 0x0000000623c00000, 0x0000000623c00000|100%| O|  |TAMS 0x0000000623c00000, 0x0000000623800000| Updating 
| 138|0x0000000623c00000, 0x0000000624000000, 0x0000000624000000|100%| O|  |TAMS 0x0000000624000000, 0x0000000623c00000| Updating 
| 139|0x0000000624000000, 0x0000000624400000, 0x0000000624400000|100%| O|  |TAMS 0x0000000624400000, 0x0000000624000000| Untracked 
| 140|0x0000000624400000, 0x0000000624800000, 0x0000000624800000|100%| O|  |TAMS 0x0000000624800000, 0x0000000624400000| Untracked 
| 141|0x0000000624800000, 0x0000000624c00000, 0x0000000624c00000|100%| O|  |TAMS 0x0000000624c00000, 0x0000000624800000| Untracked 
| 142|0x0000000624c00000, 0x0000000625000000, 0x0000000625000000|100%| O|  |TAMS 0x0000000625000000, 0x0000000624c00000| Untracked 
| 143|0x0000000625000000, 0x0000000625400000, 0x0000000625400000|100%| O|  |TAMS 0x0000000625400000, 0x0000000625000000| Untracked 
| 144|0x0000000625400000, 0x0000000625800000, 0x0000000625800000|100%| O|  |TAMS 0x0000000625800000, 0x0000000625400000| Updating 
| 145|0x0000000625800000, 0x0000000625c00000, 0x0000000625c00000|100%| O|  |TAMS 0x0000000625c00000, 0x0000000625800000| Untracked 
| 146|0x0000000625c00000, 0x0000000626000000, 0x0000000626000000|100%| O|  |TAMS 0x0000000626000000, 0x0000000625c00000| Untracked 
| 147|0x0000000626000000, 0x0000000626400000, 0x0000000626400000|100%| O|  |TAMS 0x0000000626400000, 0x0000000626000000| Untracked 
| 148|0x0000000626400000, 0x0000000626800000, 0x0000000626800000|100%| O|  |TAMS 0x0000000626800000, 0x0000000626400000| Updating 
| 149|0x0000000626800000, 0x0000000626c00000, 0x0000000626c00000|100%| O|  |TAMS 0x0000000626c00000, 0x0000000626800000| Updating 
| 150|0x0000000626c00000, 0x0000000627000000, 0x0000000627000000|100%| O|  |TAMS 0x0000000627000000, 0x0000000626c00000| Untracked 
| 151|0x0000000627000000, 0x0000000627400000, 0x0000000627400000|100%| O|  |TAMS 0x0000000627400000, 0x0000000627000000| Untracked 
| 152|0x0000000627400000, 0x0000000627800000, 0x0000000627800000|100%| O|  |TAMS 0x0000000627800000, 0x0000000627400000| Untracked 
| 153|0x0000000627800000, 0x0000000627c00000, 0x0000000627c00000|100%| O|  |TAMS 0x0000000627c00000, 0x0000000627800000| Updating 
| 154|0x0000000627c00000, 0x0000000628000000, 0x0000000628000000|100%| O|  |TAMS 0x0000000628000000, 0x0000000627c00000| Untracked 
| 155|0x0000000628000000, 0x0000000628400000, 0x0000000628400000|100%| O|  |TAMS 0x0000000628400000, 0x0000000628000000| Untracked 
| 156|0x0000000628400000, 0x0000000628800000, 0x0000000628800000|100%| O|  |TAMS 0x0000000628800000, 0x0000000628400000| Updating 
| 157|0x0000000628800000, 0x0000000628c00000, 0x0000000628c00000|100%| O|  |TAMS 0x0000000628c00000, 0x0000000628800000| Untracked 
| 158|0x0000000628c00000, 0x0000000629000000, 0x0000000629000000|100%| O|  |TAMS 0x0000000629000000, 0x0000000628c00000| Untracked 
| 159|0x0000000629000000, 0x0000000629400000, 0x0000000629400000|100%| O|  |TAMS 0x0000000629400000, 0x0000000629000000| Updating 
| 160|0x0000000629400000, 0x0000000629800000, 0x0000000629800000|100%| O|  |TAMS 0x0000000629800000, 0x0000000629400000| Untracked 
| 161|0x0000000629800000, 0x0000000629c00000, 0x0000000629c00000|100%| O|  |TAMS 0x0000000629c00000, 0x0000000629800000| Updating 
| 162|0x0000000629c00000, 0x000000062a000000, 0x000000062a000000|100%| O|  |TAMS 0x000000062a000000, 0x0000000629c00000| Untracked 
| 163|0x000000062a000000, 0x000000062a400000, 0x000000062a400000|100%| O|  |TAMS 0x000000062a23c800, 0x000000062a000000| Untracked 
| 164|0x000000062a400000, 0x000000062a800000, 0x000000062a800000|100%| O|  |TAMS 0x000000062a400000, 0x000000062a400000| Untracked 
| 165|0x000000062a800000, 0x000000062a98b800, 0x000000062ac00000| 38%| O|  |TAMS 0x000000062a800000, 0x000000062a800000| Updating 
| 166|0x000000062ac00000, 0x000000062ac00000, 0x000000062b000000|  0%| F|  |TAMS 0x000000062ac00000, 0x000000062ac00000| Untracked 
| 167|0x000000062b000000, 0x000000062b000000, 0x000000062b400000|  0%| F|  |TAMS 0x000000062b000000, 0x000000062b000000| Untracked 
| 168|0x000000062b400000, 0x000000062b400000, 0x000000062b800000|  0%| F|  |TAMS 0x000000062b400000, 0x000000062b400000| Untracked 
| 169|0x000000062b800000, 0x000000062b800000, 0x000000062bc00000|  0%| F|  |TAMS 0x000000062b800000, 0x000000062b800000| Untracked 
| 170|0x000000062bc00000, 0x000000062bc00000, 0x000000062c000000|  0%| F|  |TAMS 0x000000062bc00000, 0x000000062bc00000| Untracked 
| 171|0x000000062c000000, 0x000000062c000000, 0x000000062c400000|  0%| F|  |TAMS 0x000000062c000000, 0x000000062c000000| Untracked 
| 172|0x000000062c400000, 0x000000062c400000, 0x000000062c800000|  0%| F|  |TAMS 0x000000062c400000, 0x000000062c400000| Untracked 
| 173|0x000000062c800000, 0x000000062c800000, 0x000000062cc00000|  0%| F|  |TAMS 0x000000062c800000, 0x000000062c800000| Untracked 
| 174|0x000000062cc00000, 0x000000062cc00000, 0x000000062d000000|  0%| F|  |TAMS 0x000000062cc00000, 0x000000062cc00000| Untracked 
| 175|0x000000062d000000, 0x000000062d000000, 0x000000062d400000|  0%| F|  |TAMS 0x000000062d000000, 0x000000062d000000| Untracked 
| 176|0x000000062d400000, 0x000000062d400000, 0x000000062d800000|  0%| F|  |TAMS 0x000000062d400000, 0x000000062d400000| Untracked 
| 177|0x000000062d800000, 0x000000062d800000, 0x000000062dc00000|  0%| F|  |TAMS 0x000000062d800000, 0x000000062d800000| Untracked 
| 178|0x000000062dc00000, 0x000000062dc00000, 0x000000062e000000|  0%| F|  |TAMS 0x000000062dc00000, 0x000000062dc00000| Untracked 
| 179|0x000000062e000000, 0x000000062e000000, 0x000000062e400000|  0%| F|  |TAMS 0x000000062e000000, 0x000000062e000000| Untracked 
| 180|0x000000062e400000, 0x000000062e400000, 0x000000062e800000|  0%| F|  |TAMS 0x000000062e400000, 0x000000062e400000| Untracked 
| 181|0x000000062e800000, 0x000000062e800000, 0x000000062ec00000|  0%| F|  |TAMS 0x000000062e800000, 0x000000062e800000| Untracked 
| 182|0x000000062ec00000, 0x000000062ec00000, 0x000000062f000000|  0%| F|  |TAMS 0x000000062ec00000, 0x000000062ec00000| Untracked 
| 183|0x000000062f000000, 0x000000062f384dc0, 0x000000062f400000| 87%| S|CS|TAMS 0x000000062f000000, 0x000000062f000000| Complete 
| 184|0x000000062f400000, 0x000000062f400000, 0x000000062f800000|  0%| F|  |TAMS 0x000000062f400000, 0x000000062f400000| Untracked 
| 185|0x000000062f800000, 0x000000062f800000, 0x000000062fc00000|  0%| F|  |TAMS 0x000000062f800000, 0x000000062f800000| Untracked 
| 186|0x000000062fc00000, 0x0000000630000000, 0x0000000630000000|100%| S|CS|TAMS 0x000000062fc00000, 0x000000062fc00000| Complete 
| 187|0x0000000630000000, 0x0000000630000000, 0x0000000630400000|  0%| F|  |TAMS 0x0000000630000000, 0x0000000630000000| Untracked 
| 188|0x0000000630400000, 0x0000000630400000, 0x0000000630800000|  0%| F|  |TAMS 0x0000000630400000, 0x0000000630400000| Untracked 
| 189|0x0000000630800000, 0x0000000630800000, 0x0000000630c00000|  0%| F|  |TAMS 0x0000000630800000, 0x0000000630800000| Untracked 
| 190|0x0000000630c00000, 0x0000000630c00000, 0x0000000631000000|  0%| F|  |TAMS 0x0000000630c00000, 0x0000000630c00000| Untracked 
| 191|0x0000000631000000, 0x0000000631000000, 0x0000000631400000|  0%| F|  |TAMS 0x0000000631000000, 0x0000000631000000| Untracked 
| 192|0x0000000631400000, 0x0000000631400000, 0x0000000631800000|  0%| F|  |TAMS 0x0000000631400000, 0x0000000631400000| Untracked 
| 193|0x0000000631800000, 0x000000063188fb60, 0x0000000631c00000| 14%| E|  |TAMS 0x0000000631800000, 0x0000000631800000| Complete 

Card table byte_map: [0x0000027b65580000,0x0000027b66580000] _byte_map_base: 0x0000027b62576000

Marking Bits (Prev, Next): (CMBitMap*) 0x0000027b4d7b3770, (CMBitMap*) 0x0000027b4d7b37b0
 Prev Bits: [0x0000027b67580000, 0x0000027b6f530000)
 Next Bits: [0x0000027b6f530000, 0x0000027b774e0000)

Polling page: 0x0000027b4cec0000

Metaspace:

Usage:
  Non-class:     12.36 MB used.
      Class:      2.04 MB used.
       Both:     14.40 MB used.

Virtual space:
  Non-class space:       64.00 MB reserved,      12.56 MB ( 20%) committed,  1 nodes.
      Class space:        1.00 GB reserved,       2.19 MB ( <1%) committed,  1 nodes.
             Both:        1.06 GB reserved,      14.75 MB (  1%) committed. 

Chunk freelists:
   Non-Class:  2.14 MB
       Class:  1.86 MB
        Both:  4.00 MB

MaxMetaspaceSize: unlimited
CompressedClassSpaceSize: 1.00 GB
Initial GC threshold: 21.00 MB
Current GC threshold: 24.62 MB
CDS: on
MetaspaceReclaimPolicy: balanced
 - commit_granule_bytes: 65536.
 - commit_granule_words: 8192.
 - virtual_space_node_default_size: 8388608.
 - enlarge_chunks_in_place: 1.
 - new_chunks_are_fully_committed: 0.
 - uncommit_free_chunks: 1.
 - use_allocation_guard: 0.


Internal statistics:

num_allocs_failed_limit: 0.
num_arena_births: 214.
num_arena_deaths: 94.
num_vsnodes_births: 2.
num_vsnodes_deaths: 0.
num_space_committed: 236.
num_space_uncommitted: 0.
num_chunks_returned_to_freelist: 94.
num_chunks_taken_from_freelist: 722.
num_chunk_merges: 30.
num_chunk_splits: 519.
num_chunks_enlarged: 432.
num_inconsistent_stats: 0.

CodeHeap 'non-profiled nmethods': size=120000Kb used=1727Kb max_used=1727Kb free=118273Kb
 bounds [0x0000027b5cb00000, 0x0000027b5cd70000, 0x0000027b64030000]
CodeHeap 'profiled nmethods': size=120000Kb used=6823Kb max_used=6823Kb free=113176Kb
 bounds [0x0000027b555d0000, 0x0000027b55c80000, 0x0000027b5cb00000]
CodeHeap 'non-nmethods': size=5760Kb used=1451Kb max_used=1516Kb free=4308Kb
 bounds [0x0000027b55030000, 0x0000027b552a0000, 0x0000027b555d0000]
 total_blobs=4255 nmethods=3453 adapters=714
 compilation: enabled
              stopped_count=0, restarted_count=0
 full_count=0

Compilation events (20 events):
Event: 1526.402 Thread 0x0000027b776a9720 3444       4       javafx.scene.canvas.GraphicsContext::updateDimensions (36 bytes)
Event: 1526.418 Thread 0x0000027b776a9720 nmethod 3444 0x0000027b5cca5a90 code [0x0000027b5cca5cc0, 0x0000027b5cca69c0]
Event: 1585.324 Thread 0x0000027b776a9720 3445 % !   4       Model.Fachlogik.TischLogik::run @ 0 (56 bytes)
Event: 1585.328 Thread 0x0000027b776a9720 nmethod 3445% 0x0000027b5cca7210 code [0x0000027b5cca7400, 0x0000027b5cca76b0]
Event: 1594.665 Thread 0x0000027b776a9720 3446       4       com.sun.javafx.sg.prism.GrowableDataBuffer::reset (51 bytes)
Event: 1594.669 Thread 0x0000027b776a9720 nmethod 3446 0x0000027b5cca7990 code [0x0000027b5cca7b20, 0x0000027b5cca7e58]
Event: 1604.362 Thread 0x0000027b776a9720 3447       4       javafx.scene.canvas.GraphicsContext$State::restore (232 bytes)
Event: 1604.442 Thread 0x0000027b776a9720 nmethod 3447 0x0000027b5cca8010 code [0x0000027b5cca85c0, 0x0000027b5ccac800]
Event: 1632.218 Thread 0x0000027b776a9720 3448  s    4       javafx.scene.text.Font::getDefault (26 bytes)
Event: 1632.218 Thread 0x0000027b776a9720 nmethod 3448 0x0000027b5ccaef90 code [0x0000027b5ccaf120, 0x0000027b5ccaf2f8]
Event: 2162.337 Thread 0x0000027b776adc10 3449   !   3       java.lang.ref.ReferenceQueue::remove (125 bytes)
Event: 2162.338 Thread 0x0000027b776adc10 nmethod 3449 0x0000027b55c78710 code [0x0000027b55c78920, 0x0000027b55c790b8]
Event: 2222.340 Thread 0x0000027b776adc10 3450   !   3       jdk.internal.ref.PhantomCleanable::isListEmpty (34 bytes)
Event: 2222.341 Thread 0x0000027b776adc10 nmethod 3450 0x0000027b55c79410 code [0x0000027b55c795a0, 0x0000027b55c797f8]
Event: 2222.341 Thread 0x0000027b776adc10 3451       3       jdk.internal.misc.InnocuousThread::eraseThreadLocals (23 bytes)
Event: 2222.341 Thread 0x0000027b776adc10 nmethod 3451 0x0000027b55c79910 code [0x0000027b55c79aa0, 0x0000027b55c79c98]
Event: 57936.022 Thread 0x0000027b776a9720 3452       4       jdk.internal.misc.InnocuousThread::eraseThreadLocals (23 bytes)
Event: 57936.029 Thread 0x0000027b776a9720 nmethod 3452 0x0000027b5ccaf390 code [0x0000027b5ccaf500, 0x0000027b5ccaf638]
Event: 83497.553 Thread 0x0000027b776a9720 3453       4       java.lang.ref.ReferenceQueue::reallyPoll (65 bytes)
Event: 83497.576 Thread 0x0000027b776a9720 nmethod 3453 0x0000027b5ccaf690 code [0x0000027b5ccaf820, 0x0000027b5ccafb58]

GC Heap History (20 events):
Event: 119935.072 GC heap before
{Heap before GC invocations=27 (full 0):
 garbage-first heap   total 794624K, used 512987K [0x0000000601400000, 0x0000000800000000)
  region size 4096K, 9 young (36864K), 4 survivors (16384K)
 Metaspace       used 14746K, committed 15104K, reserved 1114112K
  class space    used 2086K, committed 2240K, reserved 1048576K
}
Event: 119935.095 GC heap after
{Heap after GC invocations=28 (full 0):
 garbage-first heap   total 794624K, used 496882K [0x0000000601400000, 0x0000000800000000)
  region size 4096K, 2 young (8192K), 2 survivors (8192K)
 Metaspace       used 14746K, committed 15104K, reserved 1114112K
  class space    used 2086K, committed 2240K, reserved 1048576K
}
Event: 125325.356 GC heap before
{Heap before GC invocations=28 (full 0):
 garbage-first heap   total 794624K, used 689394K [0x0000000601400000, 0x0000000800000000)
  region size 4096K, 35 young (143360K), 2 survivors (8192K)
 Metaspace       used 14746K, committed 15104K, reserved 1114112K
  class space    used 2086K, committed 2240K, reserved 1048576K
}
Event: 125325.429 GC heap after
{Heap after GC invocations=29 (full 0):
 garbage-first heap   total 794624K, used 586937K [0x0000000601400000, 0x0000000800000000)
  region size 4096K, 5 young (20480K), 5 survivors (20480K)
 Metaspace       used 14746K, committed 15104K, reserved 1114112K
  class space    used 2086K, committed 2240K, reserved 1048576K
}
Event: 128432.389 GC heap before
{Heap before GC invocations=29 (full 0):
 garbage-first heap   total 794624K, used 664761K [0x0000000601400000, 0x0000000800000000)
  region size 4096K, 24 young (98304K), 5 survivors (20480K)
 Metaspace       used 14746K, committed 15104K, reserved 1114112K
  class space    used 2086K, committed 2240K, reserved 1048576K
}
Event: 128432.455 GC heap after
{Heap after GC invocations=30 (full 0):
 garbage-first heap   total 794624K, used 606912K [0x0000000601400000, 0x0000000800000000)
  region size 4096K, 3 young (12288K), 3 survivors (12288K)
 Metaspace       used 14746K, committed 15104K, reserved 1114112K
  class space    used 2086K, committed 2240K, reserved 1048576K
}
Event: 130882.026 GC heap before
{Heap before GC invocations=30 (full 0):
 garbage-first heap   total 794624K, used 668352K [0x0000000601400000, 0x0000000800000000)
  region size 4096K, 18 young (73728K), 3 survivors (12288K)
 Metaspace       used 14746K, committed 15104K, reserved 1114112K
  class space    used 2086K, committed 2240K, reserved 1048576K
}
Event: 130882.054 GC heap after
{Heap after GC invocations=31 (full 0):
 garbage-first heap   total 794624K, used 623573K [0x0000000601400000, 0x0000000800000000)
  region size 4096K, 3 young (12288K), 3 survivors (12288K)
 Metaspace       used 14746K, committed 15104K, reserved 1114112K
  class space    used 2086K, committed 2240K, reserved 1048576K
}
Event: 133003.636 GC heap before
{Heap before GC invocations=31 (full 0):
 garbage-first heap   total 794624K, used 676821K [0x0000000601400000, 0x0000000800000000)
  region size 4096K, 16 young (65536K), 3 survivors (12288K)
 Metaspace       used 14746K, committed 15104K, reserved 1114112K
  class space    used 2086K, committed 2240K, reserved 1048576K
}
Event: 133003.661 GC heap after
{Heap after GC invocations=32 (full 0):
 garbage-first heap   total 794624K, used 638312K [0x0000000601400000, 0x0000000800000000)
  region size 4096K, 2 young (8192K), 2 survivors (8192K)
 Metaspace       used 14746K, committed 15104K, reserved 1114112K
  class space    used 2086K, committed 2240K, reserved 1048576K
}
Event: 134798.621 GC heap before
{Heap before GC invocations=32 (full 0):
 garbage-first heap   total 794624K, used 683368K [0x0000000601400000, 0x0000000800000000)
  region size 4096K, 13 young (53248K), 2 survivors (8192K)
 Metaspace       used 14746K, committed 15104K, reserved 1114112K
  class space    used 2086K, committed 2240K, reserved 1048576K
}
Event: 134798.642 GC heap after
{Heap after GC invocations=33 (full 0):
 garbage-first heap   total 794624K, used 651602K [0x0000000601400000, 0x0000000800000000)
  region size 4096K, 2 young (8192K), 2 survivors (8192K)
 Metaspace       used 14746K, committed 15104K, reserved 1114112K
  class space    used 2086K, committed 2240K, reserved 1048576K
}
Event: 136104.675 GC heap before
{Heap before GC invocations=33 (full 0):
 garbage-first heap   total 794624K, used 684370K [0x0000000601400000, 0x0000000800000000)
  region size 4096K, 10 young (40960K), 2 survivors (8192K)
 Metaspace       used 14746K, committed 15104K, reserved 1114112K
  class space    used 2086K, committed 2240K, reserved 1048576K
}
Event: 136104.687 GC heap after
{Heap after GC invocations=34 (full 0):
 garbage-first heap   total 794624K, used 661427K [0x0000000601400000, 0x0000000800000000)
  region size 4096K, 2 young (8192K), 2 survivors (8192K)
 Metaspace       used 14746K, committed 15104K, reserved 1114112K
  class space    used 2086K, committed 2240K, reserved 1048576K
}
Event: 137246.884 GC heap before
{Heap before GC invocations=34 (full 0):
 garbage-first heap   total 794624K, used 690099K [0x0000000601400000, 0x0000000800000000)
  region size 4096K, 9 young (36864K), 2 survivors (8192K)
 Metaspace       used 14746K, committed 15104K, reserved 1114112K
  class space    used 2086K, committed 2240K, reserved 1048576K
}
Event: 137246.894 GC heap after
{Heap after GC invocations=35 (full 0):
 garbage-first heap   total 794624K, used 670021K [0x0000000601400000, 0x0000000800000000)
  region size 4096K, 2 young (8192K), 2 survivors (8192K)
 Metaspace       used 14746K, committed 15104K, reserved 1114112K
  class space    used 2086K, committed 2240K, reserved 1048576K
}
Event: 138389.876 GC heap before
{Heap before GC invocations=35 (full 0):
 garbage-first heap   total 794624K, used 698693K [0x0000000601400000, 0x0000000800000000)
  region size 4096K, 9 young (36864K), 2 survivors (8192K)
 Metaspace       used 14746K, committed 15104K, reserved 1114112K
  class space    used 2086K, committed 2240K, reserved 1048576K
}
Event: 138389.884 GC heap after
{Heap after GC invocations=36 (full 0):
 garbage-first heap   total 794624K, used 677747K [0x0000000601400000, 0x0000000800000000)
  region size 4096K, 2 young (8192K), 2 survivors (8192K)
 Metaspace       used 14746K, committed 15104K, reserved 1114112K
  class space    used 2086K, committed 2240K, reserved 1048576K
}
Event: 139532.179 GC heap before
{Heap before GC invocations=36 (full 0):
 garbage-first heap   total 794624K, used 706419K [0x0000000601400000, 0x0000000800000000)
  region size 4096K, 9 young (36864K), 2 survivors (8192K)
 Metaspace       used 14746K, committed 15104K, reserved 1114112K
  class space    used 2086K, committed 2240K, reserved 1048576K
}
Event: 139532.201 GC heap after
{Heap after GC invocations=37 (full 0):
 garbage-first heap   total 794624K, used 685121K [0x0000000601400000, 0x0000000800000000)
  region size 4096K, 2 young (8192K), 2 survivors (8192K)
 Metaspace       used 14746K, committed 15104K, reserved 1114112K
  class space    used 2086K, committed 2240K, reserved 1048576K
}

Deoptimization events (20 events):
Event: 4.132 Thread 0x0000027b7eac61f0 DEOPT PACKING pc=0x0000027b55a7b4d6 sp=0x0000008ff04fd850
Event: 4.132 Thread 0x0000027b7eac61f0 DEOPT UNPACKING pc=0x0000027b55082b43 sp=0x0000008ff04fcd10 mode 0
Event: 7.313 Thread 0x0000027b7ef9dbe0 Uncommon trap: trap_request=0xffffff45 fr.pc=0x0000027b5cc6df90 relative=0x0000000000000110
Event: 7.313 Thread 0x0000027b7ef9dbe0 Uncommon trap: reason=unstable_if action=reinterpret pc=0x0000027b5cc6df90 method=com.sun.javafx.sg.prism.GrowableDataBuffer.ensureWriteCapacity(I)V @ 11 c2
Event: 7.313 Thread 0x0000027b7ef9dbe0 DEOPT PACKING pc=0x0000027b5cc6df90 sp=0x0000008ff19fedd0
Event: 7.313 Thread 0x0000027b7ef9dbe0 DEOPT UNPACKING pc=0x0000027b550823a3 sp=0x0000008ff19fecf0 mode 2
Event: 7.331 Thread 0x0000027b7ec08ce0 Uncommon trap: trap_request=0xffffff76 fr.pc=0x0000027b5cc793d4 relative=0x00000000000001b4
Event: 7.331 Thread 0x0000027b7ec08ce0 Uncommon trap: reason=predicate action=maybe_recompile pc=0x0000027b5cc793d4 method=java.util.ArrayList.remove(Ljava/lang/Object;)Z @ 42 c2
Event: 7.331 Thread 0x0000027b7ec08ce0 DEOPT PACKING pc=0x0000027b5cc793d4 sp=0x0000008ff07fd150
Event: 7.331 Thread 0x0000027b7ec08ce0 DEOPT UNPACKING pc=0x0000027b550823a3 sp=0x0000008ff07fd100 mode 2
Event: 7.334 Thread 0x0000027b7ec08ce0 Uncommon trap: trap_request=0xffffff45 fr.pc=0x0000027b5cb8c148 relative=0x00000000000001a8
Event: 7.334 Thread 0x0000027b7ec08ce0 Uncommon trap: reason=unstable_if action=reinterpret pc=0x0000027b5cb8c148 method=java.util.WeakHashMap.expungeStaleEntries()V @ 9 c2
Event: 7.334 Thread 0x0000027b7ec08ce0 DEOPT PACKING pc=0x0000027b5cb8c148 sp=0x0000008ff07fd140
Event: 7.334 Thread 0x0000027b7ec08ce0 DEOPT UNPACKING pc=0x0000027b550823a3 sp=0x0000008ff07fd0d8 mode 2
Event: 109.210 Thread 0x0000027b7ef9dbe0 DEOPT PACKING pc=0x0000027b55c6a55c sp=0x0000008ff19feef0
Event: 109.210 Thread 0x0000027b7ef9dbe0 DEOPT UNPACKING pc=0x0000027b55082b43 sp=0x0000008ff19fe350 mode 0
Event: 126.988 Thread 0x0000027b7ef9dbe0 DEOPT PACKING pc=0x0000027b55a954ce sp=0x0000008ff19feed0
Event: 126.988 Thread 0x0000027b7ef9dbe0 DEOPT UNPACKING pc=0x0000027b55082b43 sp=0x0000008ff19fe360 mode 0
Event: 1713.415 Thread 0x0000027b7ef9dbe0 DEOPT PACKING pc=0x0000027b55c778f1 sp=0x0000008ff19ff040
Event: 1713.415 Thread 0x0000027b7ef9dbe0 DEOPT UNPACKING pc=0x0000027b55082b43 sp=0x0000008ff19fe510 mode 0

Classes loaded (20 events):
Event: 1.857 Loading class java/io/UnsupportedEncodingException
Event: 1.857 Loading class java/io/UnsupportedEncodingException done
Event: 1.875 Loading class java/util/concurrent/ConcurrentLinkedQueue
Event: 1.875 Loading class java/util/concurrent/ConcurrentLinkedQueue done
Event: 1.875 Loading class java/util/concurrent/ConcurrentLinkedQueue$Node
Event: 1.875 Loading class java/util/concurrent/ConcurrentLinkedQueue$Node done
Event: 2.068 Loading class jdk/internal/ref/CleanerImpl$InnocuousThreadFactory
Event: 2.068 Loading class jdk/internal/ref/CleanerImpl$InnocuousThreadFactory done
Event: 2.071 Loading class jdk/internal/math/FDBigInteger
Event: 2.071 Loading class jdk/internal/math/FDBigInteger done
Event: 2.075 Loading class sun/misc/Unsafe
Event: 2.075 Loading class sun/misc/Unsafe done
Event: 2.075 Loading class java/lang/invoke/DirectMethodHandle$StaticAccessor
Event: 2.075 Loading class java/lang/invoke/DirectMethodHandle$StaticAccessor done
Event: 3.132 Loading class java/nio/BufferOverflowException
Event: 3.132 Loading class java/nio/BufferOverflowException done
Event: 3.214 Loading class java/lang/FdLibm$Cbrt
Event: 3.215 Loading class java/lang/FdLibm$Cbrt done
Event: 7.354 Loading class java/util/LinkedList$ListItr
Event: 7.354 Loading class java/util/LinkedList$ListItr done

Classes unloaded (20 events):
Event: 57452.820 Thread 0x0000027b7768a020 Unloading class 0x0000000800c24800 'java/lang/invoke/LambdaForm$MH+0x0000000800c24800'
Event: 57452.820 Thread 0x0000027b7768a020 Unloading class 0x0000000800c24000 'java/lang/invoke/LambdaForm$MH+0x0000000800c24000'
Event: 57452.820 Thread 0x0000027b7768a020 Unloading class 0x0000000800c18400 'java/lang/invoke/LambdaForm$MH+0x0000000800c18400'
Event: 57452.821 Thread 0x0000027b7768a020 Unloading class 0x0000000800c18000 'java/lang/invoke/LambdaForm$MH+0x0000000800c18000'
Event: 57452.821 Thread 0x0000027b7768a020 Unloading class 0x0000000800c13c00 'java/lang/invoke/LambdaForm$MH+0x0000000800c13c00'
Event: 57452.821 Thread 0x0000027b7768a020 Unloading class 0x0000000800c13800 'java/lang/invoke/LambdaForm$MH+0x0000000800c13800'
Event: 57452.821 Thread 0x0000027b7768a020 Unloading class 0x0000000800c13400 'java/lang/invoke/LambdaForm$MH+0x0000000800c13400'
Event: 57452.821 Thread 0x0000027b7768a020 Unloading class 0x0000000800c13000 'java/lang/invoke/LambdaForm$MH+0x0000000800c13000'
Event: 57452.821 Thread 0x0000027b7768a020 Unloading class 0x0000000800c12c00 'java/lang/invoke/LambdaForm$MH+0x0000000800c12c00'
Event: 57452.821 Thread 0x0000027b7768a020 Unloading class 0x0000000800c12800 'java/lang/invoke/LambdaForm$MH+0x0000000800c12800'
Event: 57452.821 Thread 0x0000027b7768a020 Unloading class 0x0000000800c12000 'java/lang/invoke/LambdaForm$MH+0x0000000800c12000'
Event: 57452.821 Thread 0x0000027b7768a020 Unloading class 0x0000000800c11800 'java/lang/invoke/LambdaForm$MH+0x0000000800c11800'
Event: 57452.821 Thread 0x0000027b7768a020 Unloading class 0x0000000800c11400 'java/lang/invoke/LambdaForm$MH+0x0000000800c11400'
Event: 57452.821 Thread 0x0000027b7768a020 Unloading class 0x0000000800c11000 'java/lang/invoke/LambdaForm$MH+0x0000000800c11000'
Event: 57452.821 Thread 0x0000027b7768a020 Unloading class 0x0000000800c10c00 'java/lang/invoke/LambdaForm$MH+0x0000000800c10c00'
Event: 57452.821 Thread 0x0000027b7768a020 Unloading class 0x0000000800c10400 'java/lang/invoke/LambdaForm$MH+0x0000000800c10400'
Event: 57452.822 Thread 0x0000027b7768a020 Unloading class 0x0000000800c03800 'java/lang/invoke/LambdaForm$MH+0x0000000800c03800'
Event: 57452.823 Thread 0x0000027b7768a020 Unloading class 0x0000000800c03400 'java/lang/invoke/LambdaForm$MH+0x0000000800c03400'
Event: 57452.823 Thread 0x0000027b7768a020 Unloading class 0x0000000800c02c00 'java/lang/invoke/LambdaForm$MH+0x0000000800c02c00'
Event: 57452.823 Thread 0x0000027b7768a020 Unloading class 0x0000000800c00400 'java/lang/invoke/LambdaForm$MH+0x0000000800c00400'

Classes redefined (0 events):
No events

Internal exceptions (20 events):
Event: 0.990 Thread 0x0000027b7ec08ce0 Implicit null exception at 0x0000027b5cb54a0f to 0x0000027b5cb54cac
Event: 0.990 Thread 0x0000027b7ec08ce0 Implicit null exception at 0x0000027b5cb56f8f to 0x0000027b5cb57230
Event: 1.104 Thread 0x0000027b7ec08ce0 Exception <a 'java/lang/NoSuchMethodError'{0x000000062078f7b8}: 'int java.lang.invoke.DirectMethodHandle$Holder.invokeSpecial(java.lang.Object, java.lang.Object, int)'> (0x000000062078f7b8) 
thrown [s\open\src\hotspot\share\interpreter\linkResolver.cpp, line 766]
Event: 1.106 Thread 0x0000027b7ec08ce0 Exception <a 'java/lang/NoSuchMethodError'{0x0000000620797448}: 'int java.lang.invoke.DirectMethodHandle$Holder.invokeSpecial(java.lang.Object, java.lang.Object, java.lang.Object, int)'> (0x0000000620797448) 
thrown [s\open\src\hotspot\share\interpreter\linkResolver.cpp, line 766]
Event: 1.107 Thread 0x0000027b7ec08ce0 Exception <a 'java/lang/NoSuchMethodError'{0x00000006207a9ac8}: 'java.lang.Object java.lang.invoke.DirectMethodHandle$Holder.invokeStatic(java.lang.Object, java.lang.Object, java.lang.Object, java.lang.Object, int)'> (0x00000006207a9ac8) 
thrown [s\open\src\hotspot\share\interpreter\linkResolver.cpp, line 766]
Event: 1.108 Thread 0x0000027b7ec08ce0 Exception <a 'java/lang/NoSuchMethodError'{0x00000006207b2490}: 'int java.lang.invoke.DirectMethodHandle$Holder.invokeSpecial(java.lang.Object, java.lang.Object, java.lang.Object)'> (0x00000006207b2490) 
thrown [s\open\src\hotspot\share\interpreter\linkResolver.cpp, line 766]
Event: 1.121 Thread 0x0000027b7ec08ce0 Exception <a 'java/lang/NoSuchMethodError'{0x00000006200097b0}: 'java.lang.Object java.lang.invoke.DirectMethodHandle$Holder.newInvokeSpecial(java.lang.Object, java.lang.Object, int)'> (0x00000006200097b0) 
thrown [s\open\src\hotspot\share\interpreter\linkResolver.cpp, line 766]
Event: 1.158 Thread 0x0000027b7eac61f0 Exception <a 'java/lang/NoSuchMethodError'{0x000000062010bda8}: 'int java.lang.invoke.DirectMethodHandle$Holder.invokeStaticInit(java.lang.Object, java.lang.Object)'> (0x000000062010bda8) 
thrown [s\open\src\hotspot\share\interpreter\linkResolver.cpp, line 766]
Event: 1.180 Thread 0x0000027b7eac61f0 Exception <a 'java/lang/NoSuchMethodError'{0x00000006201ec860}: 'java.lang.Object java.lang.invoke.Invokers$Holder.invokeExact_MT(java.lang.Object, java.lang.Object, java.lang.Object, java.lang.Object, java.lang.Object)'> (0x00000006201ec860) 
thrown [s\open\src\hotspot\share\interpreter\linkResolver.cpp, line 766]
Event: 1.194 Thread 0x0000027b7eac61f0 Exception <a 'java/lang/NoSuchMethodError'{0x000000062024e4f0}: 'java.lang.Object java.lang.invoke.DirectMethodHandle$Holder.invokeStaticInit(java.lang.Object, int)'> (0x000000062024e4f0) 
thrown [s\open\src\hotspot\share\interpreter\linkResolver.cpp, line 766]
Event: 1.876 Thread 0x0000027b7ec08ce0 Exception <a 'java/lang/NoSuchMethodError'{0x000000061fc4bb90}: 'long java.lang.invoke.DirectMethodHandle$Holder.invokeStatic(java.lang.Object, java.lang.Object, java.lang.Object)'> (0x000000061fc4bb90) 
thrown [s\open\src\hotspot\share\interpreter\linkResolver.cpp, line 766]
Event: 1.876 Thread 0x0000027b7ec08ce0 Exception <a 'java/lang/NoSuchMethodError'{0x000000061fc4f330}: 'long java.lang.invoke.DirectMethodHandle$Holder.invokeStaticInit(java.lang.Object, java.lang.Object, java.lang.Object)'> (0x000000061fc4f330) 
thrown [s\open\src\hotspot\share\interpreter\linkResolver.cpp, line 766]
Event: 1.880 Thread 0x0000027b7ec08ce0 Exception <a 'java/lang/NoSuchMethodError'{0x000000061fc67a70}: 'java.lang.Object java.lang.invoke.DirectMethodHandle$Holder.newInvokeSpecial(java.lang.Object, java.lang.Object, long)'> (0x000000061fc67a70) 
thrown [s\open\src\hotspot\share\interpreter\linkResolver.cpp, line 766]
Event: 1.880 Thread 0x0000027b7ec08ce0 Exception <a 'java/lang/NoSuchMethodError'{0x000000061fc6b5e8}: 'java.lang.Object java.lang.invoke.Invokers$Holder.linkToTargetMethod(java.lang.Object, long, java.lang.Object)'> (0x000000061fc6b5e8) 
thrown [s\open\src\hotspot\share\interpreter\linkResolver.cpp, line 766]
Event: 1.972 Thread 0x0000027b7ec08ce0 Exception <a 'java/lang/ClassNotFoundException'{0x000000061fe14800}: com/sun/javafx/scene/control/skin/resources/controls> (0x000000061fe14800) 
thrown [s\open\src\hotspot\share\prims\jni.cpp, line 535]
Event: 1.973 Thread 0x0000027b7ec08ce0 Exception <a 'java/lang/ClassNotFoundException'{0x000000061fe22788}: com/sun/javafx/scene/control/skin/resources/controls_de> (0x000000061fe22788) 
thrown [s\open\src\hotspot\share\prims\jni.cpp, line 535]
Event: 1.975 Thread 0x0000027b7ec08ce0 Exception <a 'java/lang/ClassNotFoundException'{0x000000061fe30718}: com/sun/javafx/scene/control/skin/resources/controls_de_DE> (0x000000061fe30718) 
thrown [s\open\src\hotspot\share\prims\jni.cpp, line 535]
Event: 2.010 Thread 0x0000027b7ec08ce0 Exception <a 'java/lang/NoSuchMethodError'{0x000000061ffe2cc0}: 'void java.lang.invoke.DirectMethodHandle$Holder.invokeSpecial(java.lang.Object, java.lang.Object, java.lang.Object, java.lang.Object, java.lang.Object, java.lang.Object)'> (0x000000061ffe2cc0) 
thrown [s\open\src\hotspot\share\interpreter\linkResolver.cpp, line 766]
Event: 2.012 Thread 0x0000027b7ec08ce0 Exception <a 'java/lang/NoSuchMethodError'{0x000000061f403d20}: 'java.lang.Object java.lang.invoke.DirectMethodHandle$Holder.invokeInterface(java.lang.Object, java.lang.Object, java.lang.Object)'> (0x000000061f403d20) 
thrown [s\open\src\hotspot\share\interpreter\linkResolver.cpp, line 766]
Event: 2.013 Thread 0x0000027b7ec08ce0 Exception <a 'java/lang/IncompatibleClassChangeError'{0x000000061f4076a0}: Found class java.lang.Object, but interface was expected> (0x000000061f4076a0) 
thrown [s\open\src\hotspot\share\interpreter\linkResolver.cpp, line 833]

VM Operations (20 events):
Event: 119935.095 Executing VM operation: G1CollectForAllocation done
Event: 125325.352 Executing VM operation: G1CollectForAllocation
Event: 125325.430 Executing VM operation: G1CollectForAllocation done
Event: 128432.386 Executing VM operation: G1CollectForAllocation
Event: 128432.455 Executing VM operation: G1CollectForAllocation done
Event: 130882.025 Executing VM operation: G1CollectForAllocation
Event: 130882.054 Executing VM operation: G1CollectForAllocation done
Event: 133003.636 Executing VM operation: G1CollectForAllocation
Event: 133003.661 Executing VM operation: G1CollectForAllocation done
Event: 134798.620 Executing VM operation: G1CollectForAllocation
Event: 134798.642 Executing VM operation: G1CollectForAllocation done
Event: 136104.675 Executing VM operation: G1CollectForAllocation
Event: 136104.687 Executing VM operation: G1CollectForAllocation done
Event: 137246.884 Executing VM operation: G1CollectForAllocation
Event: 137246.894 Executing VM operation: G1CollectForAllocation done
Event: 138389.875 Executing VM operation: G1CollectForAllocation
Event: 138389.884 Executing VM operation: G1CollectForAllocation done
Event: 139532.179 Executing VM operation: G1CollectForAllocation
Event: 139532.202 Executing VM operation: G1CollectForAllocation done
Event: 139532.889 Executing VM operation: G1Concurrent

Events (20 events):
Event: 0.595 Thread 0x0000027b7e525300 Thread exited: 0x0000027b7e525300
Event: 0.636 Thread 0x0000027b7efa10d0 Thread added: 0x0000027b7efa10d0
Event: 0.641 Thread 0x0000027b7ef9e0b0 Thread added: 0x0000027b7ef9e0b0
Event: 0.709 Loaded shared library C:\Users\mouaz\Downloads\javafx-sdk-18.0.1\bin\javafx_iio.dll
Event: 0.760 Loaded shared library C:\Users\mouaz\Downloads\javafx-sdk-18.0.1\bin\javafx_font.dll
Event: 0.783 Thread 0x0000027b7efa0c00 Thread added: 0x0000027b7efa0c00
Event: 0.867 Thread 0x0000027b7e525810 Thread added: 0x0000027b7e525810
Event: 0.907 Loaded shared library C:\Program Files\Java\jdk-18.0.1.1\bin\jimage.dll
Event: 1.335 Thread 0x0000027b7e525810 Thread exited: 0x0000027b7e525810
Event: 2.068 Thread 0x0000027b7ef9f8c0 Thread added: 0x0000027b7ef9f8c0
Event: 2.180 Thread 0x0000027b7e525d20 Thread added: 0x0000027b7e525d20
Event: 2.391 Thread 0x0000027b7e525d20 Thread exited: 0x0000027b7e525d20
Event: 3.131 Thread 0x0000027b7ef9dbe0 Thread added: 0x0000027b7ef9dbe0
Event: 3.302 Thread 0x0000027b7e525810 Thread added: 0x0000027b7e525810
Event: 5.235 Thread 0x0000027b7e525810 Thread exited: 0x0000027b7e525810
Event: 7.381 Thread 0x0000027b7efa10d0 Thread exited: 0x0000027b7efa10d0
Event: 7.381 Thread 0x0000027b4d700080 Thread exited: 0x0000027b4d700080
Event: 7.382 Thread 0x0000027b7ef9d710 Thread added: 0x0000027b7ef9d710
Event: 7.390 Thread 0x0000027b7ec08ce0 Thread exited: 0x0000027b7ec08ce0
Event: 7.440 Thread 0x0000027b7eac61f0 Thread exited: 0x0000027b7eac61f0


Dynamic libraries:
0x00007ff607fb0000 - 0x00007ff607fc0000 	C:\Program Files\Java\jdk-18.0.1.1\bin\java.exe
0x00007ffac5dd0000 - 0x00007ffac5fe4000 	C:\WINDOWS\SYSTEM32\ntdll.dll
0x00007ffac4ed0000 - 0x00007ffac4f92000 	C:\WINDOWS\System32\KERNEL32.DLL
0x00007ffac34f0000 - 0x00007ffac388c000 	C:\WINDOWS\System32\KERNELBASE.dll
0x00007ffac39b0000 - 0x00007ffac3ac1000 	C:\WINDOWS\System32\ucrtbase.dll
0x00007ffa8ca30000 - 0x00007ffa8ca4a000 	C:\Program Files\Java\jdk-18.0.1.1\bin\VCRUNTIME140.dll
0x00007ffab2990000 - 0x00007ffab29a8000 	C:\Program Files\Java\jdk-18.0.1.1\bin\jli.dll
0x00007ffac5ce0000 - 0x00007ffac5d8e000 	C:\WINDOWS\System32\ADVAPI32.dll
0x00007ffac3bf0000 - 0x00007ffac3c97000 	C:\WINDOWS\System32\msvcrt.dll
0x00007ffac5390000 - 0x00007ffac5434000 	C:\WINDOWS\System32\sechost.dll
0x00007ffac3d20000 - 0x00007ffac3e35000 	C:\WINDOWS\System32\RPCRT4.dll
0x00007ffac4fa0000 - 0x00007ffac514b000 	C:\WINDOWS\System32\USER32.dll
0x00007ffac34c0000 - 0x00007ffac34e6000 	C:\WINDOWS\System32\win32u.dll
0x00007ffab4b00000 - 0x00007ffab4d8e000 	C:\WINDOWS\WinSxS\amd64_microsoft.windows.common-controls_6595b64144ccf1df_6.0.22621.1_none_60e502bd9af5bef0\COMCTL32.dll
0x00007ffac3e40000 - 0x00007ffac3e69000 	C:\WINDOWS\System32\GDI32.dll
0x00007ffac3890000 - 0x00007ffac39a2000 	C:\WINDOWS\System32\gdi32full.dll
0x00007ffac3b50000 - 0x00007ffac3bea000 	C:\WINDOWS\System32\msvcp_win.dll
0x00007ffabd160000 - 0x00007ffabd16a000 	C:\WINDOWS\SYSTEM32\VERSION.dll
0x00007ffac43a0000 - 0x00007ffac43d1000 	C:\WINDOWS\System32\IMM32.DLL
0x00007ffa95f60000 - 0x00007ffa95f6c000 	C:\Program Files\Java\jdk-18.0.1.1\bin\vcruntime140_1.dll
0x00007ffa7e3d0000 - 0x00007ffa7e45d000 	C:\Program Files\Java\jdk-18.0.1.1\bin\msvcp140.dll
0x00007ff9db970000 - 0x00007ff9dc580000 	C:\Program Files\Java\jdk-18.0.1.1\bin\server\jvm.dll
0x00007ffac5cd0000 - 0x00007ffac5cd8000 	C:\WINDOWS\System32\PSAPI.DLL
0x00007ffabb620000 - 0x00007ffabb629000 	C:\WINDOWS\SYSTEM32\WSOCK32.dll
0x00007ffabac50000 - 0x00007ffabac84000 	C:\WINDOWS\SYSTEM32\WINMM.dll
0x00007ffac4400000 - 0x00007ffac4471000 	C:\WINDOWS\System32\WS2_32.dll
0x00007ffac2380000 - 0x00007ffac2398000 	C:\WINDOWS\SYSTEM32\kernel.appcore.dll
0x00007ffa95bb0000 - 0x00007ffa95bba000 	C:\Program Files\Java\jdk-18.0.1.1\bin\jimage.dll
0x00007ffac0c80000 - 0x00007ffac0eae000 	C:\WINDOWS\SYSTEM32\DBGHELP.DLL
0x00007ffac55e0000 - 0x00007ffac5969000 	C:\WINDOWS\System32\combase.dll
0x00007ffac5250000 - 0x00007ffac5327000 	C:\WINDOWS\System32\OLEAUT32.dll
0x00007ffaa6210000 - 0x00007ffaa6242000 	C:\WINDOWS\SYSTEM32\dbgcore.DLL
0x00007ffac3ad0000 - 0x00007ffac3b4b000 	C:\WINDOWS\System32\bcryptPrimitives.dll
0x00007ffa89390000 - 0x00007ffa893b5000 	C:\Program Files\Java\jdk-18.0.1.1\bin\java.dll
0x00007ffa7a210000 - 0x00007ffa7a2e6000 	C:\Program Files\Java\jdk-18.0.1.1\bin\jsvml.dll
0x00007ffac4480000 - 0x00007ffac4c5b000 	C:\WINDOWS\System32\SHELL32.dll
0x00007ffac1270000 - 0x00007ffac1b24000 	C:\WINDOWS\SYSTEM32\windows.storage.dll
0x00007ffac1130000 - 0x00007ffac126d000 	C:\WINDOWS\SYSTEM32\wintypes.dll
0x00007ffac5150000 - 0x00007ffac5241000 	C:\WINDOWS\System32\SHCORE.dll
0x00007ffac3ca0000 - 0x00007ffac3cfe000 	C:\WINDOWS\System32\shlwapi.dll
0x00007ffac3150000 - 0x00007ffac3171000 	C:\WINDOWS\SYSTEM32\profapi.dll
0x00007ffa85dd0000 - 0x00007ffa85de3000 	C:\Program Files\Java\jdk-18.0.1.1\bin\net.dll
0x00007ffabcae0000 - 0x00007ffabcc0f000 	C:\WINDOWS\SYSTEM32\WINHTTP.dll
0x00007ffac27e0000 - 0x00007ffac2849000 	C:\WINDOWS\system32\mswsock.dll
0x00007ffa81830000 - 0x00007ffa81846000 	C:\Program Files\Java\jdk-18.0.1.1\bin\nio.dll
0x00007ffa7e460000 - 0x00007ffa7e478000 	C:\Program Files\Java\jdk-18.0.1.1\bin\zip.dll
0x0000027b7a2c0000 - 0x0000027b7a2c3000 	C:\Users\mouaz\Downloads\javafx-sdk-18.0.1\bin\api-ms-win-core-console-l1-1-0.dll
0x0000027b7a2d0000 - 0x0000027b7a2d3000 	C:\Users\mouaz\Downloads\javafx-sdk-18.0.1\bin\api-ms-win-core-console-l1-2-0.dll
0x0000027b7a2e0000 - 0x0000027b7a2e3000 	C:\Users\mouaz\Downloads\javafx-sdk-18.0.1\bin\api-ms-win-core-datetime-l1-1-0.dll
0x0000027b7a2f0000 - 0x0000027b7a2f3000 	C:\Users\mouaz\Downloads\javafx-sdk-18.0.1\bin\api-ms-win-core-debug-l1-1-0.dll
0x0000027b7a300000 - 0x0000027b7a303000 	C:\Users\mouaz\Downloads\javafx-sdk-18.0.1\bin\api-ms-win-core-errorhandling-l1-1-0.dll
0x0000027b7a310000 - 0x0000027b7a314000 	C:\Users\mouaz\Downloads\javafx-sdk-18.0.1\bin\api-ms-win-core-file-l1-1-0.dll
0x0000027b7a320000 - 0x0000027b7a323000 	C:\Users\mouaz\Downloads\javafx-sdk-18.0.1\bin\api-ms-win-core-file-l1-2-0.dll
0x0000027b7a330000 - 0x0000027b7a333000 	C:\Users\mouaz\Downloads\javafx-sdk-18.0.1\bin\api-ms-win-core-file-l2-1-0.dll
0x0000027b7a340000 - 0x0000027b7a343000 	C:\Users\mouaz\Downloads\javafx-sdk-18.0.1\bin\api-ms-win-core-handle-l1-1-0.dll
0x0000027b7a350000 - 0x0000027b7a353000 	C:\Users\mouaz\Downloads\javafx-sdk-18.0.1\bin\api-ms-win-core-heap-l1-1-0.dll
0x0000027b7a360000 - 0x0000027b7a363000 	C:\Users\mouaz\Downloads\javafx-sdk-18.0.1\bin\api-ms-win-core-interlocked-l1-1-0.dll
0x0000027b7a370000 - 0x0000027b7a373000 	C:\Users\mouaz\Downloads\javafx-sdk-18.0.1\bin\api-ms-win-core-libraryloader-l1-1-0.dll
0x0000027b7a380000 - 0x0000027b7a383000 	C:\Users\mouaz\Downloads\javafx-sdk-18.0.1\bin\api-ms-win-core-localization-l1-2-0.dll
0x0000027b7a390000 - 0x0000027b7a393000 	C:\Users\mouaz\Downloads\javafx-sdk-18.0.1\bin\api-ms-win-core-memory-l1-1-0.dll
0x0000027b7a3a0000 - 0x0000027b7a3a3000 	C:\Users\mouaz\Downloads\javafx-sdk-18.0.1\bin\api-ms-win-core-namedpipe-l1-1-0.dll
0x0000027b7a3b0000 - 0x0000027b7a3b3000 	C:\Users\mouaz\Downloads\javafx-sdk-18.0.1\bin\api-ms-win-core-processenvironment-l1-1-0.dll
0x0000027b7a3c0000 - 0x0000027b7a3c3000 	C:\Users\mouaz\Downloads\javafx-sdk-18.0.1\bin\api-ms-win-core-processthreads-l1-1-0.dll
0x0000027b7a3d0000 - 0x0000027b7a3d3000 	C:\Users\mouaz\Downloads\javafx-sdk-18.0.1\bin\api-ms-win-core-processthreads-l1-1-1.dll
0x0000027b7a3e0000 - 0x0000027b7a3e3000 	C:\Users\mouaz\Downloads\javafx-sdk-18.0.1\bin\api-ms-win-core-profile-l1-1-0.dll
0x0000027b7a3f0000 - 0x0000027b7a3f3000 	C:\Users\mouaz\Downloads\javafx-sdk-18.0.1\bin\api-ms-win-core-rtlsupport-l1-1-0.dll
0x0000027b7f000000 - 0x0000027b7f003000 	C:\Users\mouaz\Downloads\javafx-sdk-18.0.1\bin\api-ms-win-core-string-l1-1-0.dll
0x0000027b7f010000 - 0x0000027b7f013000 	C:\Users\mouaz\Downloads\javafx-sdk-18.0.1\bin\api-ms-win-core-synch-l1-1-0.dll
0x0000027b7f020000 - 0x0000027b7f023000 	C:\Users\mouaz\Downloads\javafx-sdk-18.0.1\bin\api-ms-win-core-synch-l1-2-0.dll
0x0000027b7f030000 - 0x0000027b7f033000 	C:\Users\mouaz\Downloads\javafx-sdk-18.0.1\bin\api-ms-win-core-sysinfo-l1-1-0.dll
0x0000027b7f040000 - 0x0000027b7f043000 	C:\Users\mouaz\Downloads\javafx-sdk-18.0.1\bin\api-ms-win-core-timezone-l1-1-0.dll
0x0000027b7f050000 - 0x0000027b7f053000 	C:\Users\mouaz\Downloads\javafx-sdk-18.0.1\bin\api-ms-win-core-util-l1-1-0.dll
0x0000027b7f060000 - 0x0000027b7f063000 	C:\Users\mouaz\Downloads\javafx-sdk-18.0.1\bin\api-ms-win-crt-conio-l1-1-0.dll
0x0000027b7f070000 - 0x0000027b7f074000 	C:\Users\mouaz\Downloads\javafx-sdk-18.0.1\bin\api-ms-win-crt-convert-l1-1-0.dll
0x0000027b7f080000 - 0x0000027b7f083000 	C:\Users\mouaz\Downloads\javafx-sdk-18.0.1\bin\api-ms-win-crt-environment-l1-1-0.dll
0x0000027b7f090000 - 0x0000027b7f093000 	C:\Users\mouaz\Downloads\javafx-sdk-18.0.1\bin\api-ms-win-crt-filesystem-l1-1-0.dll
0x0000027b7f0a0000 - 0x0000027b7f0a3000 	C:\Users\mouaz\Downloads\javafx-sdk-18.0.1\bin\api-ms-win-crt-heap-l1-1-0.dll
0x0000027b7f0b0000 - 0x0000027b7f0b3000 	C:\Users\mouaz\Downloads\javafx-sdk-18.0.1\bin\api-ms-win-crt-locale-l1-1-0.dll
0x0000027b7f0c0000 - 0x0000027b7f0c5000 	C:\Users\mouaz\Downloads\javafx-sdk-18.0.1\bin\api-ms-win-crt-math-l1-1-0.dll
0x0000027b7f0d0000 - 0x0000027b7f0d5000 	C:\Users\mouaz\Downloads\javafx-sdk-18.0.1\bin\api-ms-win-crt-multibyte-l1-1-0.dll
0x0000027b7f0e0000 - 0x0000027b7f0f0000 	C:\Users\mouaz\Downloads\javafx-sdk-18.0.1\bin\api-ms-win-crt-private-l1-1-0.dll
0x0000027b7f0f0000 - 0x0000027b7f0f3000 	C:\Users\mouaz\Downloads\javafx-sdk-18.0.1\bin\api-ms-win-crt-process-l1-1-0.dll
0x0000027b7f100000 - 0x0000027b7f104000 	C:\Users\mouaz\Downloads\javafx-sdk-18.0.1\bin\api-ms-win-crt-runtime-l1-1-0.dll
0x0000027b7f110000 - 0x0000027b7f114000 	C:\Users\mouaz\Downloads\javafx-sdk-18.0.1\bin\api-ms-win-crt-stdio-l1-1-0.dll
0x0000027b7f120000 - 0x0000027b7f124000 	C:\Users\mouaz\Downloads\javafx-sdk-18.0.1\bin\api-ms-win-crt-string-l1-1-0.dll
0x0000027b7f130000 - 0x0000027b7f133000 	C:\Users\mouaz\Downloads\javafx-sdk-18.0.1\bin\api-ms-win-crt-time-l1-1-0.dll
0x0000027b7f140000 - 0x0000027b7f143000 	C:\Users\mouaz\Downloads\javafx-sdk-18.0.1\bin\api-ms-win-crt-utility-l1-1-0.dll
0x00007ffa973a0000 - 0x00007ffa9749c000 	C:\Users\mouaz\Downloads\javafx-sdk-18.0.1\bin\ucrtbase.dll
0x00007ffa97590000 - 0x00007ffa975aa000 	C:\Users\mouaz\Downloads\javafx-sdk-18.0.1\bin\vcruntime140.dll
0x00007ffab2ea0000 - 0x00007ffab2eac000 	C:\Users\mouaz\Downloads\javafx-sdk-18.0.1\bin\vcruntime140_1.dll
0x00007ffa972d0000 - 0x00007ffa9735d000 	C:\Users\mouaz\Downloads\javafx-sdk-18.0.1\bin\msvcp140.dll
0x00007ffa97560000 - 0x00007ffa9758c000 	C:\Users\mouaz\Downloads\javafx-sdk-18.0.1\bin\prism_d3d.dll
0x00007ffab36b0000 - 0x00007ffab3858000 	C:\WINDOWS\system32\d3d9.dll
0x00007ffabfca0000 - 0x00007ffabfccb000 	C:\WINDOWS\SYSTEM32\dwmapi.dll
0x00007ffac06d0000 - 0x00007ffac0706000 	C:\WINDOWS\SYSTEM32\dxcore.dll
0x00007ffabfa30000 - 0x00007ffabfadb000 	C:\WINDOWS\system32\uxtheme.dll
0x00007ffac2ec0000 - 0x00007ffac2ed2000 	C:\WINDOWS\SYSTEM32\msasn1.dll
0x00007ffab9410000 - 0x00007ffab9442000 	C:\WINDOWS\SYSTEM32\cryptnet.dll
0x00007ffac3290000 - 0x00007ffac33f6000 	C:\WINDOWS\System32\CRYPT32.dll
0x00007ffab92b0000 - 0x00007ffab9408000 	C:\WINDOWS\SYSTEM32\drvstore.dll
0x00007ffac2ee0000 - 0x00007ffac2f0c000 	C:\WINDOWS\SYSTEM32\devobj.dll
0x00007ffac2f10000 - 0x00007ffac2f5f000 	C:\WINDOWS\SYSTEM32\CFGMGR32.dll
0x00007ffac2ae0000 - 0x00007ffac2b26000 	C:\WINDOWS\SYSTEM32\wldp.dll
0x00007ffac2a50000 - 0x00007ffac2a5c000 	C:\WINDOWS\SYSTEM32\cryptbase.dll
0x00007ffac3220000 - 0x00007ffac3289000 	C:\WINDOWS\System32\WINTRUST.DLL
0x00007ffac43e0000 - 0x00007ffac43ff000 	C:\WINDOWS\System32\imagehlp.dll
0x00007ffac2a30000 - 0x00007ffac2a4b000 	C:\WINDOWS\SYSTEM32\CRYPTSP.dll
0x00007ffac22f0000 - 0x00007ffac2325000 	C:\WINDOWS\system32\rsaenh.dll
0x00007ffac2bd0000 - 0x00007ffac2bf8000 	C:\WINDOWS\SYSTEM32\bcrypt.dll
0x00007ffabce20000 - 0x00007ffabce68000 	C:\WINDOWS\SYSTEM32\directxdatabasehelper.dll
0x00007ffa97510000 - 0x00007ffa97552000 	C:\Users\mouaz\Downloads\javafx-sdk-18.0.1\bin\glass.dll
0x00007ffac5990000 - 0x00007ffac5a85000 	C:\WINDOWS\System32\COMDLG32.dll
0x00007ffac5440000 - 0x00007ffac55dc000 	C:\WINDOWS\System32\ole32.dll
0x00007ffac5ba0000 - 0x00007ffac5cbe000 	C:\WINDOWS\System32\MSCTF.dll
0x00007ffa6f120000 - 0x00007ffa6f3e7000 	C:\WINDOWS\system32\nvspcap64.dll
0x00007ffac23a0000 - 0x00007ffac23d4000 	C:\WINDOWS\SYSTEM32\ntmarta.dll
0x00007ffac2870000 - 0x00007ffac2896000 	C:\WINDOWS\SYSTEM32\gpapi.dll
0x00007ffa972a0000 - 0x00007ffa972cd000 	C:\Users\mouaz\Downloads\javafx-sdk-18.0.1\bin\javafx_iio.dll
0x00007ffa97280000 - 0x00007ffa97294000 	C:\Users\mouaz\Downloads\javafx-sdk-18.0.1\bin\javafx_font.dll
0x00007ffabe520000 - 0x00007ffabe787000 	C:\WINDOWS\SYSTEM32\dwrite.dll
0x00007ffac42f0000 - 0x00007ffac43a0000 	C:\WINDOWS\System32\clbcatq.dll
0x00007ffabde30000 - 0x00007ffabdfe0000 	C:\WINDOWS\SYSTEM32\WindowsCodecs.dll
0x00007ffab3470000 - 0x00007ffab359d000 	C:\WINDOWS\SYSTEM32\textinputframework.dll
0x00007ffabf630000 - 0x00007ffabf763000 	C:\WINDOWS\SYSTEM32\CoreMessaging.dll
0x00007ffabc360000 - 0x00007ffabc6cc000 	C:\WINDOWS\SYSTEM32\CoreUIComponents.dll
0x00007ffabe9f0000 - 0x00007ffabefb1000 	C:\WINDOWS\SYSTEM32\d2d1.dll
0x00007ffabe790000 - 0x00007ffabe9e7000 	C:\WINDOWS\SYSTEM32\d3d11.dll
0x00007ffabfba0000 - 0x00007ffabfc96000 	C:\WINDOWS\SYSTEM32\dxgi.dll

dbghelp: loaded successfully - version: 4.0.5 - missing functions: none
symbol engine: initialized successfully - sym options: 0x614 - pdb path: .;C:\Program Files\Java\jdk-18.0.1.1\bin;C:\WINDOWS\SYSTEM32;C:\WINDOWS\WinSxS\amd64_microsoft.windows.common-controls_6595b64144ccf1df_6.0.22621.1_none_60e502bd9af5bef0;C:\Program Files\Java\jdk-18.0.1.1\bin\server;C:\Users\mouaz\Downloads\javafx-sdk-18.0.1\bin;C:\WINDOWS\System32\DriverStore\FileRepository\nvlti.inf_amd64_0d04d46e99e0e8d9

VM Arguments:
jvm_args: -Dfile.encoding=UTF-8 --module-path=C:\Program Files\Java\javafx-sdk-18.0.1\lib --add-modules=javafx.controls,javafx.fxml --module-path=D:\One\Desktop\PC\PONGSPIEL\build\classes;C:\Users\mouaz\Downloads\javafx-sdk-18.0.1\lib\javafx-swt.jar;C:\Users\mouaz\Downloads\javafx-sdk-18.0.1\lib\javafx.base.jar;C:\Users\mouaz\Downloads\javafx-sdk-18.0.1\lib\javafx.controls.jar;C:\Users\mouaz\Downloads\javafx-sdk-18.0.1\lib\javafx.fxml.jar;C:\Users\mouaz\Downloads\javafx-sdk-18.0.1\lib\javafx.graphics.jar;C:\Users\mouaz\Downloads\javafx-sdk-18.0.1\lib\javafx.media.jar;C:\Users\mouaz\Downloads\javafx-sdk-18.0.1\lib\javafx.swing.jar;C:\Users\mouaz\Downloads\javafx-sdk-18.0.1\lib\javafx.web.jar 
java_command: Main.Main
java_class_path (initial): C:\Users\mouaz\Downloads\javafx-sdk-18.0.1\lib\javafx-swt.jar;C:\Users\mouaz\Downloads\javafx-sdk-18.0.1\lib\javafx.base.jar;C:\Users\mouaz\Downloads\javafx-sdk-18.0.1\lib\javafx.controls.jar;C:\Users\mouaz\Downloads\javafx-sdk-18.0.1\lib\javafx.fxml.jar;C:\Users\mouaz\Downloads\javafx-sdk-18.0.1\lib\javafx.graphics.jar;C:\Users\mouaz\Downloads\javafx-sdk-18.0.1\lib\javafx.media.jar;C:\Users\mouaz\Downloads\javafx-sdk-18.0.1\lib\javafx.swing.jar;C:\Users\mouaz\Downloads\javafx-sdk-18.0.1\lib\javafx.web.jar;D:\One\Desktop\PC\PONGSPIEL\build\classes
Launcher Type: SUN_STANDARD

[Global flags]
     intx CICompilerCount                          = 4                                         {product} {ergonomic}
     uint ConcGCThreads                            = 3                                         {product} {ergonomic}
     uint G1ConcRefinementThreads                  = 10                                        {product} {ergonomic}
   size_t G1HeapRegionSize                         = 4194304                                   {product} {ergonomic}
    uintx GCDrainStackTargetSize                   = 64                                        {product} {ergonomic}
   size_t InitialHeapSize                          = 536870912                                 {product} {ergonomic}
   size_t MarkStackSize                            = 4194304                                   {product} {ergonomic}
   size_t MaxHeapSize                              = 8568963072                                {product} {ergonomic}
   size_t MaxNewSize                               = 5138022400                                {product} {ergonomic}
   size_t MinHeapDeltaBytes                        = 4194304                                   {product} {ergonomic}
   size_t MinHeapSize                              = 8388608                                   {product} {ergonomic}
    uintx NonNMethodCodeHeapSize                   = 5839372                                {pd product} {ergonomic}
    uintx NonProfiledCodeHeapSize                  = 122909434                              {pd product} {ergonomic}
    uintx ProfiledCodeHeapSize                     = 122909434                              {pd product} {ergonomic}
    uintx ReservedCodeCacheSize                    = 251658240                              {pd product} {ergonomic}
     bool SegmentedCodeCache                       = true                                      {product} {ergonomic}
   size_t SoftMaxHeapSize                          = 8568963072                             {manageable} {ergonomic}
     bool UseCompressedClassPointers               = true                           {product lp64_product} {ergonomic}
     bool UseCompressedOops                        = true                           {product lp64_product} {ergonomic}
     bool UseG1GC                                  = true                                      {product} {ergonomic}
     bool UseLargePagesIndividualAllocation        = false                                  {pd product} {ergonomic}

Logging:
Log output configuration:
 #0: stdout all=warning uptime,level,tags foldmultilines=false
 #1: stderr all=off uptime,level,tags foldmultilines=false

Environment Variables:
PATH=C:\Program Files\Common Files\Oracle\Java\javapath;C:\Program Files (x86)\Common Files\Oracle\Java\javapath;C:\Windows\system32;C:\Windows;C:\Windows\System32\Wbem;C:\Windows\System32\WindowsPowerShell\v1.0\;C:\Windows\System32\OpenSSH\;C:\Program Files\NVIDIA Corporation\NVIDIA NvDLISR;C:\Program Files (x86)\NVIDIA Corporation\PhysX\Common;C:\Program Files (x86)\Calibre2\;C:\Program Files\MATLAB\R2022a\runtime\win64;C:\Program Files\MATLAB\R2022a\bin;C:\PROGRA~1\MATLAB\R2020b\runtime\win64;C:\PROGRA~1\MATLAB\R2020b\bin;C:\Program Files\MATLAB\R2020b\runtime\win64;C:\Program Files\MATLAB\R2020b\bin;C:\Program Files (x86)\SMLNJ\bin\;C:\WINDOWS\system32;C:\WINDOWS;C:\WINDOWS\System32\Wbem;C:\WINDOWS\System32\WindowsPowerShell\v1.0\;C:\WINDOWS\System32\OpenSSH\;C:\Users\mouaz\AppData\Local\Microsoft\WindowsApps;C:\Users\mouaz\AppData\Local\Programs\MiKTeX\miktex\bin\x64\;
USERNAME=mouaz
OS=Windows_NT
PROCESSOR_IDENTIFIER=Intel64 Family 6 Model 158 Stepping 10, GenuineIntel



---------------  S Y S T E M  ---------------

OS:
 Windows 11 , 64 bit Build 22621 (10.0.22621.1)
OS uptime: 11 days 3:36 hours

CPU: total 12 (initial active 12) (6 cores per cpu, 2 threads per core) family 6 model 158 stepping 10 microcode 0xec, cx8, cmov, fxsr, ht, mmx, 3dnowpref, sse, sse2, sse3, ssse3, sse4.1, sse4.2, popcnt, lzcnt, tsc, tscinvbit, avx, avx2, aes, erms, clmul, bmi1, bmi2, adx, fma, vzeroupper, clflush, clflushopt

Memory: 4k page, system-wide physical 32678M (5187M free)
TotalPageFile size 130982M (AvailPageFile size 216M)
current process WorkingSet (physical memory assigned to process): 657M, peak: 657M
current process commit charge ("private bytes"): 923M, peak: 1215M

vm_info: Java HotSpot(TM) 64-Bit Server VM (18.0.1.1+2-6) for windows-amd64 JRE (18.0.1.1+2-6), built on Apr 25 2022 21:53:15 by "mach5one" with MS VC++ 16.8 / 16.9 (VS2019)

END.
